{"meta": {"format": 3, "version": "7.14.1", "timestamp": "2026-06-19T17:29:51.225144", "branch_coverage": true, "show_contexts": false}, "files": {"app/__init__.py": {"executed_lines": [], "summary": {"covered_lines": 0, "num_statements": 0, "percent_covered": 100.0, "percent_covered_display": "100", "missing_lines": 0, "excluded_lines": 0, "percent_statements_covered": 100.0, "percent_statements_covered_display": "100", "num_branches": 0, "num_partial_branches": 0, "covered_branches": 0, "missing_branches": 0, "percent_branches_covered": 100.0, "percent_branches_covered_display": "100"}, "missing_lines": [], "excluded_lines": [], "executed_branches": [], "missing_branches": [], "functions": {"": {"executed_lines": [], "summary": {"covered_lines": 0, "num_statements": 0, "percent_covered": 100.0, "percent_covered_display": "100", "missing_lines": 0, "excluded_lines": 0, "percent_statements_covered": 100.0, "percent_statements_covered_display": "100", "num_branches": 0, "num_partial_branches": 0, "covered_branches": 0, "missing_branches": 0, "percent_branches_covered": 100.0, "percent_branches_covered_display": "100"}, "missing_lines": [], "excluded_lines": [], "start_line": 1, "executed_branches": [], "missing_branches": []}}, "classes": {"": {"executed_lines": [], "summary": {"covered_lines": 0, "num_statements": 0, "percent_covered": 100.0, "percent_covered_display": "100", "missing_lines": 0, "excluded_lines": 0, "percent_statements_covered": 100.0, "percent_statements_covered_display": "100", "num_branches": 0, "num_partial_branches": 0, "covered_branches": 0, "missing_branches": 0, "percent_branches_covered": 100.0, "percent_branches_covered_display": "100"}, "missing_lines": [], "excluded_lines": [], "start_line": 1, "executed_branches": [], "missing_branches": []}}}, "app/config.py": {"executed_lines": [6, 8, 11, 15, 18, 19, 20, 23, 24, 25, 26, 27, 30, 31, 34, 37, 40, 41, 44, 46, 47, 48, 51, 52, 54, 57], "summary": {"covered_lines": 26, "num_statements": 26, "percent_covered": 100.0, "percent_covered_display": "100", "missing_lines": 0, "excluded_lines": 0, "percent_statements_covered": 100.0, "percent_statements_covered_display": "100", "num_branches": 0, "num_partial_branches": 0, "covered_branches": 0, "missing_branches": 0, "percent_branches_covered": 100.0, "percent_branches_covered_display": "100"}, "missing_lines": [], "excluded_lines": [], "executed_branches": [], "missing_branches": [], "functions": {"get_settings": {"executed_lines": [54], "summary": {"covered_lines": 1, "num_statements": 1, "percent_covered": 100.0, "percent_covered_display": "100", "missing_lines": 0, "excluded_lines": 0, "percent_statements_covered": 100.0, "percent_statements_covered_display": "100", "num_branches": 0, "num_partial_branches": 0, "covered_branches": 0, "missing_branches": 0, "percent_branches_covered": 100.0, "percent_branches_covered_display": "100"}, "missing_lines": [], "excluded_lines": [], "start_line": 52, "executed_branches": [], "missing_branches": []}, "": {"executed_lines": [6, 8, 11, 15, 18, 19, 20, 23, 24, 25, 26, 27, 30, 31, 34, 37, 40, 41, 44, 46, 47, 48, 51, 52, 57], "summary": {"covered_lines": 25, "num_statements": 25, "percent_covered": 100.0, "percent_covered_display": "100", "missing_lines": 0, "excluded_lines": 0, "percent_statements_covered": 100.0, "percent_statements_covered_display": "100", "num_branches": 0, "num_partial_branches": 0, "covered_branches": 0, "missing_branches": 0, "percent_branches_covered": 100.0, "percent_branches_covered_display": "100"}, "missing_lines": [], "excluded_lines": [], "start_line": 1, "executed_branches": [], "missing_branches": []}}, "classes": {"Settings": {"executed_lines": [], "summary": {"covered_lines": 0, "num_statements": 0, "percent_covered": 100.0, "percent_covered_display": "100", "missing_lines": 0, "excluded_lines": 0, "percent_statements_covered": 100.0, "percent_statements_covered_display": "100", "num_branches": 0, "num_partial_branches": 0, "covered_branches": 0, "missing_branches": 0, "percent_branches_covered": 100.0, "percent_branches_covered_display": "100"}, "missing_lines": [], "excluded_lines": [], "start_line": 11, "executed_branches": [], "missing_branches": []}, "Settings.Config": {"executed_lines": [], "summary": {"covered_lines": 0, "num_statements": 0, "percent_covered": 100.0, "percent_covered_display": "100", "missing_lines": 0, "excluded_lines": 0, "percent_statements_covered": 100.0, "percent_statements_covered_display": "100", "num_branches": 0, "num_partial_branches": 0, "covered_branches": 0, "missing_branches": 0, "percent_branches_covered": 100.0, "percent_branches_covered_display": "100"}, "missing_lines": [], "excluded_lines": [], "start_line": 46, "executed_branches": [], "missing_branches": []}, "": {"executed_lines": [6, 8, 11, 15, 18, 19, 20, 23, 24, 25, 26, 27, 30, 31, 34, 37, 40, 41, 44, 46, 47, 48, 51, 52, 54, 57], "summary": {"covered_lines": 26, "num_statements": 26, "percent_covered": 100.0, "percent_covered_display": "100", "missing_lines": 0, "excluded_lines": 0, "percent_statements_covered": 100.0, "percent_statements_covered_display": "100", "num_branches": 0, "num_partial_branches": 0, "covered_branches": 0, "missing_branches": 0, "percent_branches_covered": 100.0, "percent_branches_covered_display": "100"}, "missing_lines": [], "excluded_lines": [], "start_line": 1, "executed_branches": [], "missing_branches": []}}}, "app/database.py": {"executed_lines": [6, 7, 9, 12, 21, 30, 32, 35, 44], "summary": {"covered_lines": 9, "num_statements": 15, "percent_covered": 60.0, "percent_covered_display": "60", "missing_lines": 6, "excluded_lines": 0, "percent_statements_covered": 60.0, "percent_statements_covered_display": "60", "num_branches": 0, "num_partial_branches": 0, "covered_branches": 0, "missing_branches": 0, "percent_branches_covered": 100.0, "percent_branches_covered_display": "100"}, "missing_lines": [37, 39, 40, 41, 46, 47], "excluded_lines": [], "executed_branches": [], "missing_branches": [], "functions": {"create_tables": {"executed_lines": [], "summary": {"covered_lines": 0, "num_statements": 4, "percent_covered": 0.0, "percent_covered_display": "0", "missing_lines": 4, "excluded_lines": 0, "percent_statements_covered": 0.0, "percent_statements_covered_display": "0", "num_branches": 0, "num_partial_branches": 0, "covered_branches": 0, "missing_branches": 0, "percent_branches_covered": 100.0, "percent_branches_covered_display": "100"}, "missing_lines": [37, 39, 40, 41], "excluded_lines": [], "start_line": 35, "executed_branches": [], "missing_branches": []}, "drop_tables": {"executed_lines": [], "summary": {"covered_lines": 0, "num_statements": 2, "percent_covered": 0.0, "percent_covered_display": "0", "missing_lines": 2, "excluded_lines": 0, "percent_statements_covered": 0.0, "percent_statements_covered_display": "0", "num_branches": 0, "num_partial_branches": 0, "covered_branches": 0, "missing_branches": 0, "percent_branches_covered": 100.0, "percent_branches_covered_display": "100"}, "missing_lines": [46, 47], "excluded_lines": [], "start_line": 44, "executed_branches": [], "missing_branches": []}, "": {"executed_lines": [6, 7, 9, 12, 21, 30, 32, 35, 44], "summary": {"covered_lines": 9, "num_statements": 9, "percent_covered": 100.0, "percent_covered_display": "100", "missing_lines": 0, "excluded_lines": 0, "percent_statements_covered": 100.0, "percent_statements_covered_display": "100", "num_branches": 0, "num_partial_branches": 0, "covered_branches": 0, "missing_branches": 0, "percent_branches_covered": 100.0, "percent_branches_covered_display": "100"}, "missing_lines": [], "excluded_lines": [], "start_line": 1, "executed_branches": [], "missing_branches": []}}, "classes": {"Base": {"executed_lines": [], "summary": {"covered_lines": 0, "num_statements": 0, "percent_covered": 100.0, "percent_covered_display": "100", "missing_lines": 0, "excluded_lines": 0, "percent_statements_covered": 100.0, "percent_statements_covered_display": "100", "num_branches": 0, "num_partial_branches": 0, "covered_branches": 0, "missing_branches": 0, "percent_branches_covered": 100.0, "percent_branches_covered_display": "100"}, "missing_lines": [], "excluded_lines": [], "start_line": 30, "executed_branches": [], "missing_branches": []}, "": {"executed_lines": [6, 7, 9, 12, 21, 30, 32, 35, 44], "summary": {"covered_lines": 9, "num_statements": 15, "percent_covered": 60.0, "percent_covered_display": "60", "missing_lines": 6, "excluded_lines": 0, "percent_statements_covered": 60.0, "percent_statements_covered_display": "60", "num_branches": 0, "num_partial_branches": 0, "covered_branches": 0, "missing_branches": 0, "percent_branches_covered": 100.0, "percent_branches_covered_display": "100"}, "missing_lines": [37, 39, 40, 41, 46, 47], "excluded_lines": [], "start_line": 1, "executed_branches": [], "missing_branches": []}}}, "app/dependencies.py": {"executed_lines": [6, 8, 9, 10, 11, 13, 14, 16, 19, 21, 22, 23, 24, 25, 26, 27, 30, 47, 52, 53, 58, 59, 60, 61, 62, 63, 66, 83, 85, 86, 87, 88, 92, 93, 97], "summary": {"covered_lines": 35, "num_statements": 35, "percent_covered": 100.0, "percent_covered_display": "100", "missing_lines": 0, "excluded_lines": 0, "percent_statements_covered": 100.0, "percent_statements_covered_display": "100", "num_branches": 6, "num_partial_branches": 0, "covered_branches": 6, "missing_branches": 0, "percent_branches_covered": 100.0, "percent_branches_covered_display": "100"}, "missing_lines": [], "excluded_lines": [], "executed_branches": [[59, 60], [59, 61], [87, 88], [87, 92], [92, 93], [92, 97]], "missing_branches": [], "functions": {"get_db": {"executed_lines": [21, 22, 23, 24, 25, 26, 27], "summary": {"covered_lines": 7, "num_statements": 7, "percent_covered": 100.0, "percent_covered_display": "100", "missing_lines": 0, "excluded_lines": 0, "percent_statements_covered": 100.0, "percent_statements_covered_display": "100", "num_branches": 0, "num_partial_branches": 0, "covered_branches": 0, "missing_branches": 0, "percent_branches_covered": 100.0, "percent_branches_covered_display": "100"}, "missing_lines": [], "excluded_lines": [], "start_line": 19, "executed_branches": [], "missing_branches": []}, "get_current_user": {"executed_lines": [47, 52, 53, 58, 59, 60, 61, 62, 63], "summary": {"covered_lines": 9, "num_statements": 9, "percent_covered": 100.0, "percent_covered_display": "100", "missing_lines": 0, "excluded_lines": 0, "percent_statements_covered": 100.0, "percent_statements_covered_display": "100", "num_branches": 2, "num_partial_branches": 0, "covered_branches": 2, "missing_branches": 0, "percent_branches_covered": 100.0, "percent_branches_covered_display": "100"}, "missing_lines": [], "excluded_lines": [], "start_line": 30, "executed_branches": [[59, 60], [59, 61]], "missing_branches": []}, "check_subscription": {"executed_lines": [83, 85, 86, 87, 88, 92, 93, 97], "summary": {"covered_lines": 8, "num_statements": 8, "percent_covered": 100.0, "percent_covered_display": "100", "missing_lines": 0, "excluded_lines": 0, "percent_statements_covered": 100.0, "percent_statements_covered_display": "100", "num_branches": 4, "num_partial_branches": 0, "covered_branches": 4, "missing_branches": 0, "percent_branches_covered": 100.0, "percent_branches_covered_display": "100"}, "missing_lines": [], "excluded_lines": [], "start_line": 66, "executed_branches": [[87, 88], [87, 92], [92, 93], [92, 97]], "missing_branches": []}, "": {"executed_lines": [6, 8, 9, 10, 11, 13, 14, 16, 19, 30, 66], "summary": {"covered_lines": 11, "num_statements": 11, "percent_covered": 100.0, "percent_covered_display": "100", "missing_lines": 0, "excluded_lines": 0, "percent_statements_covered": 100.0, "percent_statements_covered_display": "100", "num_branches": 0, "num_partial_branches": 0, "covered_branches": 0, "missing_branches": 0, "percent_branches_covered": 100.0, "percent_branches_covered_display": "100"}, "missing_lines": [], "excluded_lines": [], "start_line": 1, "executed_branches": [], "missing_branches": []}}, "classes": {"": {"executed_lines": [6, 8, 9, 10, 11, 13, 14, 16, 19, 21, 22, 23, 24, 25, 26, 27, 30, 47, 52, 53, 58, 59, 60, 61, 62, 63, 66, 83, 85, 86, 87, 88, 92, 93, 97], "summary": {"covered_lines": 35, "num_statements": 35, "percent_covered": 100.0, "percent_covered_display": "100", "missing_lines": 0, "excluded_lines": 0, "percent_statements_covered": 100.0, "percent_statements_covered_display": "100", "num_branches": 6, "num_partial_branches": 0, "covered_branches": 6, "missing_branches": 0, "percent_branches_covered": 100.0, "percent_branches_covered_display": "100"}, "missing_lines": [], "excluded_lines": [], "start_line": 1, "executed_branches": [[59, 60], [59, 61], [87, 88], [87, 92], [92, 93], [92, 97]], "missing_branches": []}}}, "app/domains/__init__.py": {"executed_lines": [], "summary": {"covered_lines": 0, "num_statements": 0, "percent_covered": 100.0, "percent_covered_display": "100", "missing_lines": 0, "excluded_lines": 0, "percent_statements_covered": 100.0, "percent_statements_covered_display": "100", "num_branches": 0, "num_partial_branches": 0, "covered_branches": 0, "missing_branches": 0, "percent_branches_covered": 100.0, "percent_branches_covered_display": "100"}, "missing_lines": [], "excluded_lines": [], "executed_branches": [], "missing_branches": [], "functions": {"": {"executed_lines": [], "summary": {"covered_lines": 0, "num_statements": 0, "percent_covered": 100.0, "percent_covered_display": "100", "missing_lines": 0, "excluded_lines": 0, "percent_statements_covered": 100.0, "percent_statements_covered_display": "100", "num_branches": 0, "num_partial_branches": 0, "covered_branches": 0, "missing_branches": 0, "percent_branches_covered": 100.0, "percent_branches_covered_display": "100"}, "missing_lines": [], "excluded_lines": [], "start_line": 1, "executed_branches": [], "missing_branches": []}}, "classes": {"": {"executed_lines": [], "summary": {"covered_lines": 0, "num_statements": 0, "percent_covered": 100.0, "percent_covered_display": "100", "missing_lines": 0, "excluded_lines": 0, "percent_statements_covered": 100.0, "percent_statements_covered_display": "100", "num_branches": 0, "num_partial_branches": 0, "covered_branches": 0, "missing_branches": 0, "percent_branches_covered": 100.0, "percent_branches_covered_display": "100"}, "missing_lines": [], "excluded_lines": [], "start_line": 1, "executed_branches": [], "missing_branches": []}}}, "app/domains/diet/__init__.py": {"executed_lines": [], "summary": {"covered_lines": 0, "num_statements": 0, "percent_covered": 100.0, "percent_covered_display": "100", "missing_lines": 0, "excluded_lines": 0, "percent_statements_covered": 100.0, "percent_statements_covered_display": "100", "num_branches": 0, "num_partial_branches": 0, "covered_branches": 0, "missing_branches": 0, "percent_branches_covered": 100.0, "percent_branches_covered_display": "100"}, "missing_lines": [], "excluded_lines": [], "executed_branches": [], "missing_branches": [], "functions": {"": {"executed_lines": [], "summary": {"covered_lines": 0, "num_statements": 0, "percent_covered": 100.0, "percent_covered_display": "100", "missing_lines": 0, "excluded_lines": 0, "percent_statements_covered": 100.0, "percent_statements_covered_display": "100", "num_branches": 0, "num_partial_branches": 0, "covered_branches": 0, "missing_branches": 0, "percent_branches_covered": 100.0, "percent_branches_covered_display": "100"}, "missing_lines": [], "excluded_lines": [], "start_line": 1, "executed_branches": [], "missing_branches": []}}, "classes": {"": {"executed_lines": [], "summary": {"covered_lines": 0, "num_statements": 0, "percent_covered": 100.0, "percent_covered_display": "100", "missing_lines": 0, "excluded_lines": 0, "percent_statements_covered": 100.0, "percent_statements_covered_display": "100", "num_branches": 0, "num_partial_branches": 0, "covered_branches": 0, "missing_branches": 0, "percent_branches_covered": 100.0, "percent_branches_covered_display": "100"}, "missing_lines": [], "excluded_lines": [], "start_line": 1, "executed_branches": [], "missing_branches": []}}}, "app/domains/diet/models.py": {"executed_lines": [6, 7, 8, 10, 11, 12, 13, 15, 18, 21, 22, 23, 26, 29, 30, 31, 32, 33, 34, 37, 52, 53, 62, 65, 68, 71, 76, 77, 80, 81, 84, 85, 86, 91, 94, 97, 104, 114, 122, 123, 125, 135, 142, 143, 144, 147, 163, 165, 168, 174, 177, 178, 179, 180, 181, 182, 187, 191, 198], "summary": {"covered_lines": 59, "num_statements": 59, "percent_covered": 100.0, "percent_covered_display": "100", "missing_lines": 0, "excluded_lines": 0, "percent_statements_covered": 100.0, "percent_statements_covered_display": "100", "num_branches": 0, "num_partial_branches": 0, "covered_branches": 0, "missing_branches": 0, "percent_branches_covered": 100.0, "percent_branches_covered_display": "100"}, "missing_lines": [], "excluded_lines": [], "executed_branches": [], "missing_branches": [], "functions": {"DietRecord.map_os_health_data": {"executed_lines": [114, 122, 123], "summary": {"covered_lines": 3, "num_statements": 3, "percent_covered": 100.0, "percent_covered_display": "100", "missing_lines": 0, "excluded_lines": 0, "percent_statements_covered": 100.0, "percent_statements_covered_display": "100", "num_branches": 0, "num_partial_branches": 0, "covered_branches": 0, "missing_branches": 0, "percent_branches_covered": 100.0, "percent_branches_covered_display": "100"}, "missing_lines": [], "excluded_lines": [], "start_line": 104, "executed_branches": [], "missing_branches": []}, "DietRecord.map_health_connect_nutrition": {"executed_lines": [135, 142, 143, 144], "summary": {"covered_lines": 4, "num_statements": 4, "percent_covered": 100.0, "percent_covered_display": "100", "missing_lines": 0, "excluded_lines": 0, "percent_statements_covered": 100.0, "percent_statements_covered_display": "100", "num_branches": 0, "num_partial_branches": 0, "covered_branches": 0, "missing_branches": 0, "percent_branches_covered": 100.0, "percent_branches_covered_display": "100"}, "missing_lines": [], "excluded_lines": [], "start_line": 125, "executed_branches": [], "missing_branches": []}, "DietAnalysisResult.get_visualization_data": {"executed_lines": [198], "summary": {"covered_lines": 1, "num_statements": 1, "percent_covered": 100.0, "percent_covered_display": "100", "missing_lines": 0, "excluded_lines": 0, "percent_statements_covered": 100.0, "percent_statements_covered_display": "100", "num_branches": 0, "num_partial_branches": 0, "covered_branches": 0, "missing_branches": 0, "percent_branches_covered": 100.0, "percent_branches_covered_display": "100"}, "missing_lines": [], "excluded_lines": [], "start_line": 191, "executed_branches": [], "missing_branches": []}, "": {"executed_lines": [6, 7, 8, 10, 11, 12, 13, 15, 18, 21, 22, 23, 26, 29, 30, 31, 32, 33, 34, 37, 52, 53, 62, 65, 68, 71, 76, 77, 80, 81, 84, 85, 86, 91, 94, 97, 104, 125, 147, 163, 165, 168, 174, 177, 178, 179, 180, 181, 182, 187, 191], "summary": {"covered_lines": 51, "num_statements": 51, "percent_covered": 100.0, "percent_covered_display": "100", "missing_lines": 0, "excluded_lines": 0, "percent_statements_covered": 100.0, "percent_statements_covered_display": "100", "num_branches": 0, "num_partial_branches": 0, "covered_branches": 0, "missing_branches": 0, "percent_branches_covered": 100.0, "percent_branches_covered_display": "100"}, "missing_lines": [], "excluded_lines": [], "start_line": 1, "executed_branches": [], "missing_branches": []}}, "classes": {"DataSourceEnum": {"executed_lines": [], "summary": {"covered_lines": 0, "num_statements": 0, "percent_covered": 100.0, "percent_covered_display": "100", "missing_lines": 0, "excluded_lines": 0, "percent_statements_covered": 100.0, "percent_statements_covered_display": "100", "num_branches": 0, "num_partial_branches": 0, "covered_branches": 0, "missing_branches": 0, "percent_branches_covered": 100.0, "percent_branches_covered_display": "100"}, "missing_lines": [], "excluded_lines": [], "start_line": 18, "executed_branches": [], "missing_branches": []}, "HealthConnectExportStatusEnum": {"executed_lines": [], "summary": {"covered_lines": 0, "num_statements": 0, "percent_covered": 100.0, "percent_covered_display": "100", "missing_lines": 0, "excluded_lines": 0, "percent_statements_covered": 100.0, "percent_statements_covered_display": "100", "num_branches": 0, "num_partial_branches": 0, "covered_branches": 0, "missing_branches": 0, "percent_branches_covered": 100.0, "percent_branches_covered_display": "100"}, "missing_lines": [], "excluded_lines": [], "start_line": 26, "executed_branches": [], "missing_branches": []}, "DietRecord": {"executed_lines": [114, 122, 123, 135, 142, 143, 144], "summary": {"covered_lines": 7, "num_statements": 7, "percent_covered": 100.0, "percent_covered_display": "100", "missing_lines": 0, "excluded_lines": 0, "percent_statements_covered": 100.0, "percent_statements_covered_display": "100", "num_branches": 0, "num_partial_branches": 0, "covered_branches": 0, "missing_branches": 0, "percent_branches_covered": 100.0, "percent_branches_covered_display": "100"}, "missing_lines": [], "excluded_lines": [], "start_line": 37, "executed_branches": [], "missing_branches": []}, "DietAnalysisResult": {"executed_lines": [198], "summary": {"covered_lines": 1, "num_statements": 1, "percent_covered": 100.0, "percent_covered_display": "100", "missing_lines": 0, "excluded_lines": 0, "percent_statements_covered": 100.0, "percent_statements_covered_display": "100", "num_branches": 0, "num_partial_branches": 0, "covered_branches": 0, "missing_branches": 0, "percent_branches_covered": 100.0, "percent_branches_covered_display": "100"}, "missing_lines": [], "excluded_lines": [], "start_line": 147, "executed_branches": [], "missing_branches": []}, "": {"executed_lines": [6, 7, 8, 10, 11, 12, 13, 15, 18, 21, 22, 23, 26, 29, 30, 31, 32, 33, 34, 37, 52, 53, 62, 65, 68, 71, 76, 77, 80, 81, 84, 85, 86, 91, 94, 97, 104, 125, 147, 163, 165, 168, 174, 177, 178, 179, 180, 181, 182, 187, 191], "summary": {"covered_lines": 51, "num_statements": 51, "percent_covered": 100.0, "percent_covered_display": "100", "missing_lines": 0, "excluded_lines": 0, "percent_statements_covered": 100.0, "percent_statements_covered_display": "100", "num_branches": 0, "num_partial_branches": 0, "covered_branches": 0, "missing_branches": 0, "percent_branches_covered": 100.0, "percent_branches_covered_display": "100"}, "missing_lines": [], "excluded_lines": [], "start_line": 1, "executed_branches": [], "missing_branches": []}}}, "app/domains/diet/repository.py": {"executed_lines": [6, 7, 8, 10, 11, 12, 14, 22, 25, 32, 33, 34, 35, 36, 37, 39, 40, 41, 42, 43, 45, 52, 55, 74, 91, 102, 119, 131, 138, 151, 153, 167, 168, 172, 173, 177, 178, 179, 180, 181, 182, 183, 184, 185, 186, 188, 218, 221], "summary": {"covered_lines": 48, "num_statements": 78, "percent_covered": 63.04347826086956, "percent_covered_display": "63", "missing_lines": 30, "excluded_lines": 0, "percent_statements_covered": 61.53846153846154, "percent_statements_covered_display": "62", "num_branches": 14, "num_partial_branches": 2, "covered_branches": 10, "missing_branches": 4, "percent_branches_covered": 71.42857142857143, "percent_branches_covered_display": "71"}, "missing_lines": [63, 68, 69, 70, 71, 72, 81, 86, 87, 88, 89, 95, 100, 109, 117, 123, 129, 169, 195, 196, 197, 199, 213, 214, 215, 229, 238, 239, 240, 241], "excluded_lines": [], "executed_branches": [[33, 34], [33, 45], [35, 36], [35, 39], [42, 43], [168, 172], [177, 178], [177, 179], [179, 180], [179, 181]], "missing_branches": [[42, 33], [168, 169], [196, 197], [196, 199]], "functions": {"latest_analysis_rows": {"executed_lines": [32, 33, 34, 35, 36, 37, 39, 40, 41, 42, 43, 45], "summary": {"covered_lines": 12, "num_statements": 12, "percent_covered": 94.44444444444444, "percent_covered_display": "94", "missing_lines": 0, "excluded_lines": 0, "percent_statements_covered": 100.0, "percent_statements_covered_display": "100", "num_branches": 6, "num_partial_branches": 1, "covered_branches": 5, "missing_branches": 1, "percent_branches_covered": 83.33333333333333, "percent_branches_covered_display": "83"}, "missing_lines": [], "excluded_lines": [], "start_line": 25, "executed_branches": [[33, 34], [33, 45], [35, 36], [35, 39], [42, 43]], "missing_branches": [[42, 33]]}, "DietRecordRepository.create_from_os_health": {"executed_lines": [], "summary": {"covered_lines": 0, "num_statements": 6, "percent_covered": 0.0, "percent_covered_display": "0", "missing_lines": 6, "excluded_lines": 0, "percent_statements_covered": 0.0, "percent_statements_covered_display": "0", "num_branches": 0, "num_partial_branches": 0, "covered_branches": 0, "missing_branches": 0, "percent_branches_covered": 100.0, "percent_branches_covered_display": "100"}, "missing_lines": [63, 68, 69, 70, 71, 72], "excluded_lines": [], "start_line": 55, "executed_branches": [], "missing_branches": []}, "DietRecordRepository.create_with_image": {"executed_lines": [], "summary": {"covered_lines": 0, "num_statements": 5, "percent_covered": 0.0, "percent_covered_display": "0", "missing_lines": 5, "excluded_lines": 0, "percent_statements_covered": 0.0, "percent_statements_covered_display": "0", "num_branches": 0, "num_partial_branches": 0, "covered_branches": 0, "missing_branches": 0, "percent_branches_covered": 100.0, "percent_branches_covered_display": "100"}, "missing_lines": [81, 86, 87, 88, 89], "excluded_lines": [], "start_line": 74, "executed_branches": [], "missing_branches": []}, "DietRecordRepository.get_by_id": {"executed_lines": [], "summary": {"covered_lines": 0, "num_statements": 2, "percent_covered": 0.0, "percent_covered_display": "0", "missing_lines": 2, "excluded_lines": 0, "percent_statements_covered": 0.0, "percent_statements_covered_display": "0", "num_branches": 0, "num_partial_branches": 0, "covered_branches": 0, "missing_branches": 0, "percent_branches_covered": 100.0, "percent_branches_covered_display": "100"}, "missing_lines": [95, 100], "excluded_lines": [], "start_line": 91, "executed_branches": [], "missing_branches": []}, "DietRecordRepository.get_by_id_for_user": {"executed_lines": [], "summary": {"covered_lines": 0, "num_statements": 2, "percent_covered": 0.0, "percent_covered_display": "0", "missing_lines": 2, "excluded_lines": 0, "percent_statements_covered": 0.0, "percent_statements_covered_display": "0", "num_branches": 0, "num_partial_branches": 0, "covered_branches": 0, "missing_branches": 0, "percent_branches_covered": 100.0, "percent_branches_covered_display": "100"}, "missing_lines": [109, 117], "excluded_lines": [], "start_line": 102, "executed_branches": [], "missing_branches": []}, "DietRecordRepository.list_by_user": {"executed_lines": [], "summary": {"covered_lines": 0, "num_statements": 2, "percent_covered": 0.0, "percent_covered_display": "0", "missing_lines": 2, "excluded_lines": 0, "percent_statements_covered": 0.0, "percent_statements_covered_display": "0", "num_branches": 0, "num_partial_branches": 0, "covered_branches": 0, "missing_branches": 0, "percent_branches_covered": 100.0, "percent_branches_covered_display": "100"}, "missing_lines": [123, 129], "excluded_lines": [], "start_line": 119, "executed_branches": [], "missing_branches": []}, "DietRecordRepository.list_exportable_health_connect_nutrition": {"executed_lines": [138, 151], "summary": {"covered_lines": 2, "num_statements": 2, "percent_covered": 100.0, "percent_covered_display": "100", "missing_lines": 0, "excluded_lines": 0, "percent_statements_covered": 100.0, "percent_statements_covered_display": "100", "num_branches": 0, "num_partial_branches": 0, "covered_branches": 0, "missing_branches": 0, "percent_branches_covered": 100.0, "percent_branches_covered_display": "100"}, "missing_lines": [], "excluded_lines": [], "start_line": 131, "executed_branches": [], "missing_branches": []}, "DietRecordRepository.update_health_connect_export_status": {"executed_lines": [167, 168, 172, 173, 177, 178, 179, 180, 181, 182, 183, 184, 185, 186], "summary": {"covered_lines": 14, "num_statements": 15, "percent_covered": 90.47619047619048, "percent_covered_display": "90", "missing_lines": 1, "excluded_lines": 0, "percent_statements_covered": 93.33333333333333, "percent_statements_covered_display": "93", "num_branches": 6, "num_partial_branches": 1, "covered_branches": 5, "missing_branches": 1, "percent_branches_covered": 83.33333333333333, "percent_branches_covered_display": "83"}, "missing_lines": [169], "excluded_lines": [], "start_line": 153, "executed_branches": [[168, 172], [177, 178], [177, 179], [179, 180], [179, 181]], "missing_branches": [[168, 169]]}, "DietRecordRepository.delete_for_user": {"executed_lines": [], "summary": {"covered_lines": 0, "num_statements": 7, "percent_covered": 0.0, "percent_covered_display": "0", "missing_lines": 7, "excluded_lines": 0, "percent_statements_covered": 0.0, "percent_statements_covered_display": "0", "num_branches": 2, "num_partial_branches": 0, "covered_branches": 0, "missing_branches": 2, "percent_branches_covered": 0.0, "percent_branches_covered_display": "0"}, "missing_lines": [195, 196, 197, 199, 213, 214, 215], "excluded_lines": [], "start_line": 188, "executed_branches": [], "missing_branches": [[196, 197], [196, 199]]}, "DietAnalysisResultRepository.save_analysis": {"executed_lines": [], "summary": {"covered_lines": 0, "num_statements": 5, "percent_covered": 0.0, "percent_covered_display": "0", "missing_lines": 5, "excluded_lines": 0, "percent_statements_covered": 0.0, "percent_statements_covered_display": "0", "num_branches": 0, "num_partial_branches": 0, "covered_branches": 0, "missing_branches": 0, "percent_branches_covered": 100.0, "percent_branches_covered_display": "100"}, "missing_lines": [229, 238, 239, 240, 241], "excluded_lines": [], "start_line": 221, "executed_branches": [], "missing_branches": []}, "": {"executed_lines": [6, 7, 8, 10, 11, 12, 14, 22, 25, 52, 55, 74, 91, 102, 119, 131, 153, 188, 218, 221], "summary": {"covered_lines": 20, "num_statements": 20, "percent_covered": 100.0, "percent_covered_display": "100", "missing_lines": 0, "excluded_lines": 0, "percent_statements_covered": 100.0, "percent_statements_covered_display": "100", "num_branches": 0, "num_partial_branches": 0, "covered_branches": 0, "missing_branches": 0, "percent_branches_covered": 100.0, "percent_branches_covered_display": "100"}, "missing_lines": [], "excluded_lines": [], "start_line": 1, "executed_branches": [], "missing_branches": []}}, "classes": {"DietRecordRepository": {"executed_lines": [138, 151, 167, 168, 172, 173, 177, 178, 179, 180, 181, 182, 183, 184, 185, 186], "summary": {"covered_lines": 16, "num_statements": 41, "percent_covered": 42.857142857142854, "percent_covered_display": "43", "missing_lines": 25, "excluded_lines": 0, "percent_statements_covered": 39.02439024390244, "percent_statements_covered_display": "39", "num_branches": 8, "num_partial_branches": 1, "covered_branches": 5, "missing_branches": 3, "percent_branches_covered": 62.5, "percent_branches_covered_display": "62"}, "missing_lines": [63, 68, 69, 70, 71, 72, 81, 86, 87, 88, 89, 95, 100, 109, 117, 123, 129, 169, 195, 196, 197, 199, 213, 214, 215], "excluded_lines": [], "start_line": 52, "executed_branches": [[168, 172], [177, 178], [177, 179], [179, 180], [179, 181]], "missing_branches": [[168, 169], [196, 197], [196, 199]]}, "DietAnalysisResultRepository": {"executed_lines": [], "summary": {"covered_lines": 0, "num_statements": 5, "percent_covered": 0.0, "percent_covered_display": "0", "missing_lines": 5, "excluded_lines": 0, "percent_statements_covered": 0.0, "percent_statements_covered_display": "0", "num_branches": 0, "num_partial_branches": 0, "covered_branches": 0, "missing_branches": 0, "percent_branches_covered": 100.0, "percent_branches_covered_display": "100"}, "missing_lines": [229, 238, 239, 240, 241], "excluded_lines": [], "start_line": 218, "executed_branches": [], "missing_branches": []}, "": {"executed_lines": [6, 7, 8, 10, 11, 12, 14, 22, 25, 32, 33, 34, 35, 36, 37, 39, 40, 41, 42, 43, 45, 52, 55, 74, 91, 102, 119, 131, 153, 188, 218, 221], "summary": {"covered_lines": 32, "num_statements": 32, "percent_covered": 97.36842105263158, "percent_covered_display": "97", "missing_lines": 0, "excluded_lines": 0, "percent_statements_covered": 100.0, "percent_statements_covered_display": "100", "num_branches": 6, "num_partial_branches": 1, "covered_branches": 5, "missing_branches": 1, "percent_branches_covered": 83.33333333333333, "percent_branches_covered_display": "83"}, "missing_lines": [], "excluded_lines": [], "start_line": 1, "executed_branches": [[33, 34], [33, 45], [35, 36], [35, 39], [42, 43]], "missing_branches": [[42, 33]]}}}, "app/domains/diet/router.py": {"executed_lines": [6, 7, 9, 10, 12, 13, 15, 17, 18, 23, 24, 27, 29, 30, 32, 33, 34, 35, 36, 37, 38, 42, 44, 45, 50, 53, 60, 68, 78, 87, 89, 90, 91, 96, 97, 99, 101, 102, 103, 104, 106, 111, 121, 130, 137, 142, 145, 152, 159, 164, 171, 177], "summary": {"covered_lines": 52, "num_statements": 54, "percent_covered": 96.7741935483871, "percent_covered_display": "97", "missing_lines": 2, "excluded_lines": 0, "percent_statements_covered": 96.29629629629629, "percent_statements_covered_display": "96", "num_branches": 8, "num_partial_branches": 0, "covered_branches": 8, "missing_branches": 0, "percent_branches_covered": 100.0, "percent_branches_covered_display": "100"}, "missing_lines": [66, 127], "excluded_lines": [], "executed_branches": [[34, 35], [34, 36], [37, 38], [37, 42], [44, 45], [44, 50], [90, 91], [90, 96]], "missing_branches": [], "functions": {"_read_limited_upload": {"executed_lines": [29, 30, 32, 33, 34, 35, 36, 37, 38, 42, 44, 45, 50], "summary": {"covered_lines": 13, "num_statements": 13, "percent_covered": 100.0, "percent_covered_display": "100", "missing_lines": 0, "excluded_lines": 0, "percent_statements_covered": 100.0, "percent_statements_covered_display": "100", "num_branches": 6, "num_partial_branches": 0, "covered_branches": 6, "missing_branches": 0, "percent_branches_covered": 100.0, "percent_branches_covered_display": "100"}, "missing_lines": [], "excluded_lines": [], "start_line": 27, "executed_branches": [[34, 35], [34, 36], [37, 38], [37, 42], [44, 45], [44, 50]], "missing_branches": []}, "sync_diet": {"executed_lines": [], "summary": {"covered_lines": 0, "num_statements": 1, "percent_covered": 0.0, "percent_covered_display": "0", "missing_lines": 1, "excluded_lines": 0, "percent_statements_covered": 0.0, "percent_statements_covered_display": "0", "num_branches": 0, "num_partial_branches": 0, "covered_branches": 0, "missing_branches": 0, "percent_branches_covered": 100.0, "percent_branches_covered_display": "100"}, "missing_lines": [66], "excluded_lines": [], "start_line": 60, "executed_branches": [], "missing_branches": []}, "upload_diet_image": {"executed_lines": [87, 89, 90, 91, 96, 97, 99, 101, 102, 103, 104, 106], "summary": {"covered_lines": 12, "num_statements": 12, "percent_covered": 100.0, "percent_covered_display": "100", "missing_lines": 0, "excluded_lines": 0, "percent_statements_covered": 100.0, "percent_statements_covered_display": "100", "num_branches": 2, "num_partial_branches": 0, "covered_branches": 2, "missing_branches": 0, "percent_branches_covered": 100.0, "percent_branches_covered_display": "100"}, "missing_lines": [], "excluded_lines": [], "start_line": 78, "executed_branches": [[90, 91], [90, 96]], "missing_branches": []}, "analyze_diet": {"executed_lines": [], "summary": {"covered_lines": 0, "num_statements": 1, "percent_covered": 0.0, "percent_covered_display": "0", "missing_lines": 1, "excluded_lines": 0, "percent_statements_covered": 0.0, "percent_statements_covered_display": "0", "num_branches": 0, "num_partial_branches": 0, "covered_branches": 0, "missing_branches": 0, "percent_branches_covered": 100.0, "percent_branches_covered_display": "100"}, "missing_lines": [127], "excluded_lines": [], "start_line": 121, "executed_branches": [], "missing_branches": []}, "list_health_connect_exportable_diets": {"executed_lines": [142], "summary": {"covered_lines": 1, "num_statements": 1, "percent_covered": 100.0, "percent_covered_display": "100", "missing_lines": 0, "excluded_lines": 0, "percent_statements_covered": 100.0, "percent_statements_covered_display": "100", "num_branches": 0, "num_partial_branches": 0, "covered_branches": 0, "missing_branches": 0, "percent_branches_covered": 100.0, "percent_branches_covered_display": "100"}, "missing_lines": [], "excluded_lines": [], "start_line": 137, "executed_branches": [], "missing_branches": []}, "update_health_connect_export_status": {"executed_lines": [159], "summary": {"covered_lines": 1, "num_statements": 1, "percent_covered": 100.0, "percent_covered_display": "100", "missing_lines": 0, "excluded_lines": 0, "percent_statements_covered": 100.0, "percent_statements_covered_display": "100", "num_branches": 0, "num_partial_branches": 0, "covered_branches": 0, "missing_branches": 0, "percent_branches_covered": 100.0, "percent_branches_covered_display": "100"}, "missing_lines": [], "excluded_lines": [], "start_line": 152, "executed_branches": [], "missing_branches": []}, "delete_diet_record": {"executed_lines": [177], "summary": {"covered_lines": 1, "num_statements": 1, "percent_covered": 100.0, "percent_covered_display": "100", "missing_lines": 0, "excluded_lines": 0, "percent_statements_covered": 100.0, "percent_statements_covered_display": "100", "num_branches": 0, "num_partial_branches": 0, "covered_branches": 0, "missing_branches": 0, "percent_branches_covered": 100.0, "percent_branches_covered_display": "100"}, "missing_lines": [], "excluded_lines": [], "start_line": 171, "executed_branches": [], "missing_branches": []}, "": {"executed_lines": [6, 7, 9, 10, 12, 13, 15, 17, 18, 23, 24, 27, 53, 60, 68, 78, 111, 121, 130, 137, 145, 152, 164, 171], "summary": {"covered_lines": 24, "num_statements": 24, "percent_covered": 100.0, "percent_covered_display": "100", "missing_lines": 0, "excluded_lines": 0, "percent_statements_covered": 100.0, "percent_statements_covered_display": "100", "num_branches": 0, "num_partial_branches": 0, "covered_branches": 0, "missing_branches": 0, "percent_branches_covered": 100.0, "percent_branches_covered_display": "100"}, "missing_lines": [], "excluded_lines": [], "start_line": 1, "executed_branches": [], "missing_branches": []}}, "classes": {"": {"executed_lines": [6, 7, 9, 10, 12, 13, 15, 17, 18, 23, 24, 27, 29, 30, 32, 33, 34, 35, 36, 37, 38, 42, 44, 45, 50, 53, 60, 68, 78, 87, 89, 90, 91, 96, 97, 99, 101, 102, 103, 104, 106, 111, 121, 130, 137, 142, 145, 152, 159, 164, 171, 177], "summary": {"covered_lines": 52, "num_statements": 54, "percent_covered": 96.7741935483871, "percent_covered_display": "97", "missing_lines": 2, "excluded_lines": 0, "percent_statements_covered": 96.29629629629629, "percent_statements_covered_display": "96", "num_branches": 8, "num_partial_branches": 0, "covered_branches": 8, "missing_branches": 0, "percent_branches_covered": 100.0, "percent_branches_covered_display": "100"}, "missing_lines": [66, 127], "excluded_lines": [], "start_line": 1, "executed_branches": [[34, 35], [34, 36], [37, 38], [37, 42], [44, 45], [44, 50], [90, 91], [90, 96]], "missing_branches": []}}}, "app/domains/diet/schemas.py": {"executed_lines": [6, 7, 9, 11, 14, 17, 18, 21, 24, 25, 26, 29, 36, 41, 48, 51, 52, 53, 56, 59, 61, 62, 63, 64, 65, 66, 67, 68, 69, 72, 75, 76, 79, 82, 85, 88, 89, 90, 91, 94, 97, 99, 100, 101, 102, 103, 104, 105, 108, 111, 112, 113, 114, 115, 116, 117, 118, 119, 120, 121, 122, 123, 124, 125, 126, 129, 132, 133, 134, 135, 136, 139, 142, 144, 145, 146, 147, 148], "summary": {"covered_lines": 78, "num_statements": 78, "percent_covered": 100.0, "percent_covered_display": "100", "missing_lines": 0, "excluded_lines": 0, "percent_statements_covered": 100.0, "percent_statements_covered_display": "100", "num_branches": 0, "num_partial_branches": 0, "covered_branches": 0, "missing_branches": 0, "percent_branches_covered": 100.0, "percent_branches_covered_display": "100"}, "missing_lines": [], "excluded_lines": [], "executed_branches": [], "missing_branches": [], "functions": {"": {"executed_lines": [6, 7, 9, 11, 14, 17, 18, 21, 24, 25, 26, 29, 36, 41, 48, 51, 52, 53, 56, 59, 61, 62, 63, 64, 65, 66, 67, 68, 69, 72, 75, 76, 79, 82, 85, 88, 89, 90, 91, 94, 97, 99, 100, 101, 102, 103, 104, 105, 108, 111, 112, 113, 114, 115, 116, 117, 118, 119, 120, 121, 122, 123, 124, 125, 126, 129, 132, 133, 134, 135, 136, 139, 142, 144, 145, 146, 147, 148], "summary": {"covered_lines": 78, "num_statements": 78, "percent_covered": 100.0, "percent_covered_display": "100", "missing_lines": 0, "excluded_lines": 0, "percent_statements_covered": 100.0, "percent_statements_covered_display": "100", "num_branches": 0, "num_partial_branches": 0, "covered_branches": 0, "missing_branches": 0, "percent_branches_covered": 100.0, "percent_branches_covered_display": "100"}, "missing_lines": [], "excluded_lines": [], "start_line": 1, "executed_branches": [], "missing_branches": []}}, "classes": {"DietSyncRequest": {"executed_lines": [], "summary": {"covered_lines": 0, "num_statements": 0, "percent_covered": 100.0, "percent_covered_display": "100", "missing_lines": 0, "excluded_lines": 0, "percent_statements_covered": 100.0, "percent_statements_covered_display": "100", "num_branches": 0, "num_partial_branches": 0, "covered_branches": 0, "missing_branches": 0, "percent_branches_covered": 100.0, "percent_branches_covered_display": "100"}, "missing_lines": [], "excluded_lines": [], "start_line": 14, "executed_branches": [], "missing_branches": []}, "DietSyncResponse": {"executed_lines": [], "summary": {"covered_lines": 0, "num_statements": 0, "percent_covered": 100.0, "percent_covered_display": "100", "missing_lines": 0, "excluded_lines": 0, "percent_statements_covered": 100.0, "percent_statements_covered_display": "100", "num_branches": 0, "num_partial_branches": 0, "covered_branches": 0, "missing_branches": 0, "percent_branches_covered": 100.0, "percent_branches_covered_display": "100"}, "missing_lines": [], "excluded_lines": [], "start_line": 21, "executed_branches": [], "missing_branches": []}, "DietAnalyzeRequest": {"executed_lines": [], "summary": {"covered_lines": 0, "num_statements": 0, "percent_covered": 100.0, "percent_covered_display": "100", "missing_lines": 0, "excluded_lines": 0, "percent_statements_covered": 100.0, "percent_statements_covered_display": "100", "num_branches": 0, "num_partial_branches": 0, "covered_branches": 0, "missing_branches": 0, "percent_branches_covered": 100.0, "percent_branches_covered_display": "100"}, "missing_lines": [], "excluded_lines": [], "start_line": 29, "executed_branches": [], "missing_branches": []}, "MacroRatios": {"executed_lines": [], "summary": {"covered_lines": 0, "num_statements": 0, "percent_covered": 100.0, "percent_covered_display": "100", "missing_lines": 0, "excluded_lines": 0, "percent_statements_covered": 100.0, "percent_statements_covered_display": "100", "num_branches": 0, "num_partial_branches": 0, "covered_branches": 0, "missing_branches": 0, "percent_branches_covered": 100.0, "percent_branches_covered_display": "100"}, "missing_lines": [], "excluded_lines": [], "start_line": 48, "executed_branches": [], "missing_branches": []}, "DietAnalysisResponse": {"executed_lines": [], "summary": {"covered_lines": 0, "num_statements": 0, "percent_covered": 100.0, "percent_covered_display": "100", "missing_lines": 0, "excluded_lines": 0, "percent_statements_covered": 100.0, "percent_statements_covered_display": "100", "num_branches": 0, "num_partial_branches": 0, "covered_branches": 0, "missing_branches": 0, "percent_branches_covered": 100.0, "percent_branches_covered_display": "100"}, "missing_lines": [], "excluded_lines": [], "start_line": 56, "executed_branches": [], "missing_branches": []}, "DietImageUploadResponse": {"executed_lines": [], "summary": {"covered_lines": 0, "num_statements": 0, "percent_covered": 100.0, "percent_covered_display": "100", "missing_lines": 0, "excluded_lines": 0, "percent_statements_covered": 100.0, "percent_statements_covered_display": "100", "num_branches": 0, "num_partial_branches": 0, "covered_branches": 0, "missing_branches": 0, "percent_branches_covered": 100.0, "percent_branches_covered_display": "100"}, "missing_lines": [], "excluded_lines": [], "start_line": 72, "executed_branches": [], "missing_branches": []}, "DietHealthConnectExportStatusUpdateRequest": {"executed_lines": [], "summary": {"covered_lines": 0, "num_statements": 0, "percent_covered": 100.0, "percent_covered_display": "100", "missing_lines": 0, "excluded_lines": 0, "percent_statements_covered": 100.0, "percent_statements_covered_display": "100", "num_branches": 0, "num_partial_branches": 0, "covered_branches": 0, "missing_branches": 0, "percent_branches_covered": 100.0, "percent_branches_covered_display": "100"}, "missing_lines": [], "excluded_lines": [], "start_line": 79, "executed_branches": [], "missing_branches": []}, "DietHealthConnectExportStatusResponse": {"executed_lines": [], "summary": {"covered_lines": 0, "num_statements": 0, "percent_covered": 100.0, "percent_covered_display": "100", "missing_lines": 0, "excluded_lines": 0, "percent_statements_covered": 100.0, "percent_statements_covered_display": "100", "num_branches": 0, "num_partial_branches": 0, "covered_branches": 0, "missing_branches": 0, "percent_branches_covered": 100.0, "percent_branches_covered_display": "100"}, "missing_lines": [], "excluded_lines": [], "start_line": 94, "executed_branches": [], "missing_branches": []}, "DietHealthConnectExportableRecord": {"executed_lines": [], "summary": {"covered_lines": 0, "num_statements": 0, "percent_covered": 100.0, "percent_covered_display": "100", "missing_lines": 0, "excluded_lines": 0, "percent_statements_covered": 100.0, "percent_statements_covered_display": "100", "num_branches": 0, "num_partial_branches": 0, "covered_branches": 0, "missing_branches": 0, "percent_branches_covered": 100.0, "percent_branches_covered_display": "100"}, "missing_lines": [], "excluded_lines": [], "start_line": 108, "executed_branches": [], "missing_branches": []}, "DietDeleteResponse": {"executed_lines": [], "summary": {"covered_lines": 0, "num_statements": 0, "percent_covered": 100.0, "percent_covered_display": "100", "missing_lines": 0, "excluded_lines": 0, "percent_statements_covered": 100.0, "percent_statements_covered_display": "100", "num_branches": 0, "num_partial_branches": 0, "covered_branches": 0, "missing_branches": 0, "percent_branches_covered": 100.0, "percent_branches_covered_display": "100"}, "missing_lines": [], "excluded_lines": [], "start_line": 129, "executed_branches": [], "missing_branches": []}, "DietRecordResponse": {"executed_lines": [], "summary": {"covered_lines": 0, "num_statements": 0, "percent_covered": 100.0, "percent_covered_display": "100", "missing_lines": 0, "excluded_lines": 0, "percent_statements_covered": 100.0, "percent_statements_covered_display": "100", "num_branches": 0, "num_partial_branches": 0, "covered_branches": 0, "missing_branches": 0, "percent_branches_covered": 100.0, "percent_branches_covered_display": "100"}, "missing_lines": [], "excluded_lines": [], "start_line": 139, "executed_branches": [], "missing_branches": []}, "": {"executed_lines": [6, 7, 9, 11, 14, 17, 18, 21, 24, 25, 26, 29, 36, 41, 48, 51, 52, 53, 56, 59, 61, 62, 63, 64, 65, 66, 67, 68, 69, 72, 75, 76, 79, 82, 85, 88, 89, 90, 91, 94, 97, 99, 100, 101, 102, 103, 104, 105, 108, 111, 112, 113, 114, 115, 116, 117, 118, 119, 120, 121, 122, 123, 124, 125, 126, 129, 132, 133, 134, 135, 136, 139, 142, 144, 145, 146, 147, 148], "summary": {"covered_lines": 78, "num_statements": 78, "percent_covered": 100.0, "percent_covered_display": "100", "missing_lines": 0, "excluded_lines": 0, "percent_statements_covered": 100.0, "percent_statements_covered_display": "100", "num_branches": 0, "num_partial_branches": 0, "covered_branches": 0, "missing_branches": 0, "percent_branches_covered": 100.0, "percent_branches_covered_display": "100"}, "missing_lines": [], "excluded_lines": [], "start_line": 1, "executed_branches": [], "missing_branches": []}}}, "app/domains/diet/service.py": {"executed_lines": [6, 7, 9, 10, 20, 21, 23, 24, 25, 26, 29, 43, 49, 56, 75, 76, 77, 81, 82, 88, 89, 94, 95, 99, 100, 102, 103, 108, 111, 112, 113, 114, 117, 118, 119, 123, 124, 129, 130, 135, 137, 142, 143, 149, 157, 158, 160, 174, 176, 177, 178, 179, 182, 183, 194, 195, 215, 220, 221, 224, 231, 242, 243, 247, 250, 256, 257, 258], "summary": {"covered_lines": 68, "num_statements": 69, "percent_covered": 96.7032967032967, "percent_covered_display": "97", "missing_lines": 1, "excluded_lines": 0, "percent_statements_covered": 98.55072463768116, "percent_statements_covered_display": "99", "num_branches": 22, "num_partial_branches": 2, "covered_branches": 20, "missing_branches": 2, "percent_branches_covered": 90.9090909090909, "percent_branches_covered_display": "91"}, "missing_lines": [262], "excluded_lines": [], "executed_branches": [[76, 77], [76, 81], [81, 82], [81, 88], [88, 89], [88, 102], [94, 95], [94, 99], [118, 119], [118, 123], [123, 124], [123, 129], [129, 130], [129, 137], [142, 143], [176, 177], [176, 178], [242, 243], [242, 247], [257, 258]], "missing_branches": [[142, 149], [257, 262]], "functions": {"sync_os_health_diet": {"executed_lines": [43, 49], "summary": {"covered_lines": 2, "num_statements": 2, "percent_covered": 100.0, "percent_covered_display": "100", "missing_lines": 0, "excluded_lines": 0, "percent_statements_covered": 100.0, "percent_statements_covered_display": "100", "num_branches": 0, "num_partial_branches": 0, "covered_branches": 0, "missing_branches": 0, "percent_branches_covered": 100.0, "percent_branches_covered_display": "100"}, "missing_lines": [], "excluded_lines": [], "start_line": 29, "executed_branches": [], "missing_branches": []}, "analyze_diet": {"executed_lines": [75, 76, 77, 81, 82, 88, 89, 94, 95, 99, 100, 102, 103, 108, 111, 112, 113, 114, 117, 118, 119, 123, 124, 129, 130, 135, 137, 142, 143, 149, 157, 158, 160], "summary": {"covered_lines": 33, "num_statements": 33, "percent_covered": 97.95918367346938, "percent_covered_display": "98", "missing_lines": 0, "excluded_lines": 0, "percent_statements_covered": 100.0, "percent_statements_covered_display": "100", "num_branches": 16, "num_partial_branches": 1, "covered_branches": 15, "missing_branches": 1, "percent_branches_covered": 93.75, "percent_branches_covered_display": "94"}, "missing_lines": [], "excluded_lines": [], "start_line": 56, "executed_branches": [[76, 77], [76, 81], [81, 82], [81, 88], [88, 89], [88, 102], [94, 95], [94, 99], [118, 119], [118, 123], [123, 124], [123, 129], [129, 130], [129, 137], [142, 143]], "missing_branches": [[142, 149]]}, "_sanitize_export_error": {"executed_lines": [176, 177, 178, 179], "summary": {"covered_lines": 4, "num_statements": 4, "percent_covered": 100.0, "percent_covered_display": "100", "missing_lines": 0, "excluded_lines": 0, "percent_statements_covered": 100.0, "percent_statements_covered_display": "100", "num_branches": 2, "num_partial_branches": 0, "covered_branches": 2, "missing_branches": 0, "percent_branches_covered": 100.0, "percent_branches_covered_display": "100"}, "missing_lines": [], "excluded_lines": [], "start_line": 174, "executed_branches": [[176, 177], [176, 178]], "missing_branches": []}, "_export_status_response": {"executed_lines": [183], "summary": {"covered_lines": 1, "num_statements": 1, "percent_covered": 100.0, "percent_covered_display": "100", "missing_lines": 0, "excluded_lines": 0, "percent_statements_covered": 100.0, "percent_statements_covered_display": "100", "num_branches": 0, "num_partial_branches": 0, "covered_branches": 0, "missing_branches": 0, "percent_branches_covered": 100.0, "percent_branches_covered_display": "100"}, "missing_lines": [], "excluded_lines": [], "start_line": 182, "executed_branches": [], "missing_branches": []}, "_exportable_response": {"executed_lines": [195], "summary": {"covered_lines": 1, "num_statements": 1, "percent_covered": 100.0, "percent_covered_display": "100", "missing_lines": 0, "excluded_lines": 0, "percent_statements_covered": 100.0, "percent_statements_covered_display": "100", "num_branches": 0, "num_partial_branches": 0, "covered_branches": 0, "missing_branches": 0, "percent_branches_covered": 100.0, "percent_branches_covered_display": "100"}, "missing_lines": [], "excluded_lines": [], "start_line": 194, "executed_branches": [], "missing_branches": []}, "list_health_connect_exportable_diets": {"executed_lines": [220, 221], "summary": {"covered_lines": 2, "num_statements": 2, "percent_covered": 100.0, "percent_covered_display": "100", "missing_lines": 0, "excluded_lines": 0, "percent_statements_covered": 100.0, "percent_statements_covered_display": "100", "num_branches": 0, "num_partial_branches": 0, "covered_branches": 0, "missing_branches": 0, "percent_branches_covered": 100.0, "percent_branches_covered_display": "100"}, "missing_lines": [], "excluded_lines": [], "start_line": 215, "executed_branches": [], "missing_branches": []}, "update_health_connect_export_status": {"executed_lines": [231, 242, 243, 247], "summary": {"covered_lines": 4, "num_statements": 4, "percent_covered": 100.0, "percent_covered_display": "100", "missing_lines": 0, "excluded_lines": 0, "percent_statements_covered": 100.0, "percent_statements_covered_display": "100", "num_branches": 2, "num_partial_branches": 0, "covered_branches": 2, "missing_branches": 0, "percent_branches_covered": 100.0, "percent_branches_covered_display": "100"}, "missing_lines": [], "excluded_lines": [], "start_line": 224, "executed_branches": [[242, 243], [242, 247]], "missing_branches": []}, "delete_diet_record": {"executed_lines": [256, 257, 258], "summary": {"covered_lines": 3, "num_statements": 4, "percent_covered": 66.66666666666667, "percent_covered_display": "67", "missing_lines": 1, "excluded_lines": 0, "percent_statements_covered": 75.0, "percent_statements_covered_display": "75", "num_branches": 2, "num_partial_branches": 1, "covered_branches": 1, "missing_branches": 1, "percent_branches_covered": 50.0, "percent_branches_covered_display": "50"}, "missing_lines": [262], "excluded_lines": [], "start_line": 250, "executed_branches": [[257, 258]], "missing_branches": [[257, 262]]}, "": {"executed_lines": [6, 7, 9, 10, 20, 21, 23, 24, 25, 26, 29, 56, 174, 182, 194, 215, 224, 250], "summary": {"covered_lines": 18, "num_statements": 18, "percent_covered": 100.0, "percent_covered_display": "100", "missing_lines": 0, "excluded_lines": 0, "percent_statements_covered": 100.0, "percent_statements_covered_display": "100", "num_branches": 0, "num_partial_branches": 0, "covered_branches": 0, "missing_branches": 0, "percent_branches_covered": 100.0, "percent_branches_covered_display": "100"}, "missing_lines": [], "excluded_lines": [], "start_line": 1, "executed_branches": [], "missing_branches": []}}, "classes": {"": {"executed_lines": [6, 7, 9, 10, 20, 21, 23, 24, 25, 26, 29, 43, 49, 56, 75, 76, 77, 81, 82, 88, 89, 94, 95, 99, 100, 102, 103, 108, 111, 112, 113, 114, 117, 118, 119, 123, 124, 129, 130, 135, 137, 142, 143, 149, 157, 158, 160, 174, 176, 177, 178, 179, 182, 183, 194, 195, 215, 220, 221, 224, 231, 242, 243, 247, 250, 256, 257, 258], "summary": {"covered_lines": 68, "num_statements": 69, "percent_covered": 96.7032967032967, "percent_covered_display": "97", "missing_lines": 1, "excluded_lines": 0, "percent_statements_covered": 98.55072463768116, "percent_statements_covered_display": "99", "num_branches": 22, "num_partial_branches": 2, "covered_branches": 20, "missing_branches": 2, "percent_branches_covered": 90.9090909090909, "percent_branches_covered_display": "91"}, "missing_lines": [262], "excluded_lines": [], "start_line": 1, "executed_branches": [[76, 77], [76, 81], [81, 82], [81, 88], [88, 89], [88, 102], [94, 95], [94, 99], [118, 119], [118, 123], [123, 124], [123, 129], [129, 130], [129, 137], [142, 143], [176, 177], [176, 178], [242, 243], [242, 247], [257, 258]], "missing_branches": [[142, 149], [257, 262]]}}}, "app/domains/health/__init__.py": {"executed_lines": [], "summary": {"covered_lines": 0, "num_statements": 0, "percent_covered": 100.0, "percent_covered_display": "100", "missing_lines": 0, "excluded_lines": 0, "percent_statements_covered": 100.0, "percent_statements_covered_display": "100", "num_branches": 0, "num_partial_branches": 0, "covered_branches": 0, "missing_branches": 0, "percent_branches_covered": 100.0, "percent_branches_covered_display": "100"}, "missing_lines": [], "excluded_lines": [], "executed_branches": [], "missing_branches": [], "functions": {"": {"executed_lines": [], "summary": {"covered_lines": 0, "num_statements": 0, "percent_covered": 100.0, "percent_covered_display": "100", "missing_lines": 0, "excluded_lines": 0, "percent_statements_covered": 100.0, "percent_statements_covered_display": "100", "num_branches": 0, "num_partial_branches": 0, "covered_branches": 0, "missing_branches": 0, "percent_branches_covered": 100.0, "percent_branches_covered_display": "100"}, "missing_lines": [], "excluded_lines": [], "start_line": 1, "executed_branches": [], "missing_branches": []}}, "classes": {"": {"executed_lines": [], "summary": {"covered_lines": 0, "num_statements": 0, "percent_covered": 100.0, "percent_covered_display": "100", "missing_lines": 0, "excluded_lines": 0, "percent_statements_covered": 100.0, "percent_statements_covered_display": "100", "num_branches": 0, "num_partial_branches": 0, "covered_branches": 0, "missing_branches": 0, "percent_branches_covered": 100.0, "percent_branches_covered_display": "100"}, "missing_lines": [], "excluded_lines": [], "start_line": 1, "executed_branches": [], "missing_branches": []}}}, "app/domains/health/models.py": {"executed_lines": [3, 4, 6, 7, 8, 10, 13, 16, 17, 25, 28, 31, 32, 33, 34, 35, 36, 39, 42, 45, 46, 54, 57, 60, 61, 62, 63, 64, 67], "summary": {"covered_lines": 29, "num_statements": 29, "percent_covered": 100.0, "percent_covered_display": "100", "missing_lines": 0, "excluded_lines": 0, "percent_statements_covered": 100.0, "percent_statements_covered_display": "100", "num_branches": 0, "num_partial_branches": 0, "covered_branches": 0, "missing_branches": 0, "percent_branches_covered": 100.0, "percent_branches_covered_display": "100"}, "missing_lines": [], "excluded_lines": [], "executed_branches": [], "missing_branches": [], "functions": {"": {"executed_lines": [3, 4, 6, 7, 8, 10, 13, 16, 17, 25, 28, 31, 32, 33, 34, 35, 36, 39, 42, 45, 46, 54, 57, 60, 61, 62, 63, 64, 67], "summary": {"covered_lines": 29, "num_statements": 29, "percent_covered": 100.0, "percent_covered_display": "100", "missing_lines": 0, "excluded_lines": 0, "percent_statements_covered": 100.0, "percent_statements_covered_display": "100", "num_branches": 0, "num_partial_branches": 0, "covered_branches": 0, "missing_branches": 0, "percent_branches_covered": 100.0, "percent_branches_covered_display": "100"}, "missing_lines": [], "excluded_lines": [], "start_line": 1, "executed_branches": [], "missing_branches": []}}, "classes": {"HealthDailyActivityRecord": {"executed_lines": [], "summary": {"covered_lines": 0, "num_statements": 0, "percent_covered": 100.0, "percent_covered_display": "100", "missing_lines": 0, "excluded_lines": 0, "percent_statements_covered": 100.0, "percent_statements_covered_display": "100", "num_branches": 0, "num_partial_branches": 0, "covered_branches": 0, "missing_branches": 0, "percent_branches_covered": 100.0, "percent_branches_covered_display": "100"}, "missing_lines": [], "excluded_lines": [], "start_line": 13, "executed_branches": [], "missing_branches": []}, "HealthHeartRateRecord": {"executed_lines": [], "summary": {"covered_lines": 0, "num_statements": 0, "percent_covered": 100.0, "percent_covered_display": "100", "missing_lines": 0, "excluded_lines": 0, "percent_statements_covered": 100.0, "percent_statements_covered_display": "100", "num_branches": 0, "num_partial_branches": 0, "covered_branches": 0, "missing_branches": 0, "percent_branches_covered": 100.0, "percent_branches_covered_display": "100"}, "missing_lines": [], "excluded_lines": [], "start_line": 42, "executed_branches": [], "missing_branches": []}, "": {"executed_lines": [3, 4, 6, 7, 8, 10, 13, 16, 17, 25, 28, 31, 32, 33, 34, 35, 36, 39, 42, 45, 46, 54, 57, 60, 61, 62, 63, 64, 67], "summary": {"covered_lines": 29, "num_statements": 29, "percent_covered": 100.0, "percent_covered_display": "100", "missing_lines": 0, "excluded_lines": 0, "percent_statements_covered": 100.0, "percent_statements_covered_display": "100", "num_branches": 0, "num_partial_branches": 0, "covered_branches": 0, "missing_branches": 0, "percent_branches_covered": 100.0, "percent_branches_covered_display": "100"}, "missing_lines": [], "excluded_lines": [], "start_line": 1, "executed_branches": [], "missing_branches": []}}}, "app/domains/health/router.py": {"executed_lines": [3, 4, 6, 7, 9, 12, 19, 24], "summary": {"covered_lines": 8, "num_statements": 8, "percent_covered": 100.0, "percent_covered_display": "100", "missing_lines": 0, "excluded_lines": 0, "percent_statements_covered": 100.0, "percent_statements_covered_display": "100", "num_branches": 0, "num_partial_branches": 0, "covered_branches": 0, "missing_branches": 0, "percent_branches_covered": 100.0, "percent_branches_covered_display": "100"}, "missing_lines": [], "excluded_lines": [], "executed_branches": [], "missing_branches": [], "functions": {"sync_health": {"executed_lines": [24], "summary": {"covered_lines": 1, "num_statements": 1, "percent_covered": 100.0, "percent_covered_display": "100", "missing_lines": 0, "excluded_lines": 0, "percent_statements_covered": 100.0, "percent_statements_covered_display": "100", "num_branches": 0, "num_partial_branches": 0, "covered_branches": 0, "missing_branches": 0, "percent_branches_covered": 100.0, "percent_branches_covered_display": "100"}, "missing_lines": [], "excluded_lines": [], "start_line": 19, "executed_branches": [], "missing_branches": []}, "": {"executed_lines": [3, 4, 6, 7, 9, 12, 19], "summary": {"covered_lines": 7, "num_statements": 7, "percent_covered": 100.0, "percent_covered_display": "100", "missing_lines": 0, "excluded_lines": 0, "percent_statements_covered": 100.0, "percent_statements_covered_display": "100", "num_branches": 0, "num_partial_branches": 0, "covered_branches": 0, "missing_branches": 0, "percent_branches_covered": 100.0, "percent_branches_covered_display": "100"}, "missing_lines": [], "excluded_lines": [], "start_line": 1, "executed_branches": [], "missing_branches": []}}, "classes": {"": {"executed_lines": [3, 4, 6, 7, 9, 12, 19, 24], "summary": {"covered_lines": 8, "num_statements": 8, "percent_covered": 100.0, "percent_covered_display": "100", "missing_lines": 0, "excluded_lines": 0, "percent_statements_covered": 100.0, "percent_statements_covered_display": "100", "num_branches": 0, "num_partial_branches": 0, "covered_branches": 0, "missing_branches": 0, "percent_branches_covered": 100.0, "percent_branches_covered_display": "100"}, "missing_lines": [], "excluded_lines": [], "start_line": 1, "executed_branches": [], "missing_branches": []}}}, "app/domains/health/schemas.py": {"executed_lines": [10, 12, 13, 15, 17, 18, 21, 24, 27, 30, 31, 32, 33, 36, 44, 45, 46, 47, 48, 49, 50, 53, 56, 57, 58, 59, 60, 61, 62, 65, 68, 69, 70, 71, 72, 75, 78, 79, 82, 85, 86, 87, 88, 91, 101, 102, 103, 104, 105, 106, 109, 112, 113, 114, 115, 116, 117, 120, 123, 124, 125, 126, 129, 132, 133, 134, 137], "summary": {"covered_lines": 67, "num_statements": 67, "percent_covered": 100.0, "percent_covered_display": "100", "missing_lines": 0, "excluded_lines": 0, "percent_statements_covered": 100.0, "percent_statements_covered_display": "100", "num_branches": 0, "num_partial_branches": 0, "covered_branches": 0, "missing_branches": 0, "percent_branches_covered": 100.0, "percent_branches_covered_display": "100"}, "missing_lines": [], "excluded_lines": [], "executed_branches": [], "missing_branches": [], "functions": {"": {"executed_lines": [10, 12, 13, 15, 17, 18, 21, 24, 27, 30, 31, 32, 33, 36, 44, 45, 46, 47, 48, 49, 50, 53, 56, 57, 58, 59, 60, 61, 62, 65, 68, 69, 70, 71, 72, 75, 78, 79, 82, 85, 86, 87, 88, 91, 101, 102, 103, 104, 105, 106, 109, 112, 113, 114, 115, 116, 117, 120, 123, 124, 125, 126, 129, 132, 133, 134, 137], "summary": {"covered_lines": 67, "num_statements": 67, "percent_covered": 100.0, "percent_covered_display": "100", "missing_lines": 0, "excluded_lines": 0, "percent_statements_covered": 100.0, "percent_statements_covered_display": "100", "num_branches": 0, "num_partial_branches": 0, "covered_branches": 0, "missing_branches": 0, "percent_branches_covered": 100.0, "percent_branches_covered_display": "100"}, "missing_lines": [], "excluded_lines": [], "start_line": 1, "executed_branches": [], "missing_branches": []}}, "classes": {"HealthSchema": {"executed_lines": [], "summary": {"covered_lines": 0, "num_statements": 0, "percent_covered": 100.0, "percent_covered_display": "100", "missing_lines": 0, "excluded_lines": 0, "percent_statements_covered": 100.0, "percent_statements_covered_display": "100", "num_branches": 0, "num_partial_branches": 0, "covered_branches": 0, "missing_branches": 0, "percent_branches_covered": 100.0, "percent_branches_covered_display": "100"}, "missing_lines": [], "excluded_lines": [], "start_line": 21, "executed_branches": [], "missing_branches": []}, "HealthConnectRoutePoint": {"executed_lines": [], "summary": {"covered_lines": 0, "num_statements": 0, "percent_covered": 100.0, "percent_covered_display": "100", "missing_lines": 0, "excluded_lines": 0, "percent_statements_covered": 100.0, "percent_statements_covered_display": "100", "num_branches": 0, "num_partial_branches": 0, "covered_branches": 0, "missing_branches": 0, "percent_branches_covered": 100.0, "percent_branches_covered_display": "100"}, "missing_lines": [], "excluded_lines": [], "start_line": 27, "executed_branches": [], "missing_branches": []}, "HealthConnectRunningRecord": {"executed_lines": [], "summary": {"covered_lines": 0, "num_statements": 0, "percent_covered": 100.0, "percent_covered_display": "100", "missing_lines": 0, "excluded_lines": 0, "percent_statements_covered": 100.0, "percent_statements_covered_display": "100", "num_branches": 0, "num_partial_branches": 0, "covered_branches": 0, "missing_branches": 0, "percent_branches_covered": 100.0, "percent_branches_covered_display": "100"}, "missing_lines": [], "excluded_lines": [], "start_line": 36, "executed_branches": [], "missing_branches": []}, "HealthConnectNutritionRecord": {"executed_lines": [], "summary": {"covered_lines": 0, "num_statements": 0, "percent_covered": 100.0, "percent_covered_display": "100", "missing_lines": 0, "excluded_lines": 0, "percent_statements_covered": 100.0, "percent_statements_covered_display": "100", "num_branches": 0, "num_partial_branches": 0, "covered_branches": 0, "missing_branches": 0, "percent_branches_covered": 100.0, "percent_branches_covered_display": "100"}, "missing_lines": [], "excluded_lines": [], "start_line": 53, "executed_branches": [], "missing_branches": []}, "HealthConnectDailyActivityRecord": {"executed_lines": [], "summary": {"covered_lines": 0, "num_statements": 0, "percent_covered": 100.0, "percent_covered_display": "100", "missing_lines": 0, "excluded_lines": 0, "percent_statements_covered": 100.0, "percent_statements_covered_display": "100", "num_branches": 0, "num_partial_branches": 0, "covered_branches": 0, "missing_branches": 0, "percent_branches_covered": 100.0, "percent_branches_covered_display": "100"}, "missing_lines": [], "excluded_lines": [], "start_line": 65, "executed_branches": [], "missing_branches": []}, "HealthConnectHeartRateSample": {"executed_lines": [], "summary": {"covered_lines": 0, "num_statements": 0, "percent_covered": 100.0, "percent_covered_display": "100", "missing_lines": 0, "excluded_lines": 0, "percent_statements_covered": 100.0, "percent_statements_covered_display": "100", "num_branches": 0, "num_partial_branches": 0, "covered_branches": 0, "missing_branches": 0, "percent_branches_covered": 100.0, "percent_branches_covered_display": "100"}, "missing_lines": [], "excluded_lines": [], "start_line": 75, "executed_branches": [], "missing_branches": []}, "HealthConnectHeartRateRecord": {"executed_lines": [], "summary": {"covered_lines": 0, "num_statements": 0, "percent_covered": 100.0, "percent_covered_display": "100", "missing_lines": 0, "excluded_lines": 0, "percent_statements_covered": 100.0, "percent_statements_covered_display": "100", "num_branches": 0, "num_partial_branches": 0, "covered_branches": 0, "missing_branches": 0, "percent_branches_covered": 100.0, "percent_branches_covered_display": "100"}, "missing_lines": [], "excluded_lines": [], "start_line": 82, "executed_branches": [], "missing_branches": []}, "HealthConnectSyncEnvelope": {"executed_lines": [], "summary": {"covered_lines": 0, "num_statements": 0, "percent_covered": 100.0, "percent_covered_display": "100", "missing_lines": 0, "excluded_lines": 0, "percent_statements_covered": 100.0, "percent_statements_covered_display": "100", "num_branches": 0, "num_partial_branches": 0, "covered_branches": 0, "missing_branches": 0, "percent_branches_covered": 100.0, "percent_branches_covered_display": "100"}, "missing_lines": [], "excluded_lines": [], "start_line": 91, "executed_branches": [], "missing_branches": []}, "HealthConnectSyncContract": {"executed_lines": [], "summary": {"covered_lines": 0, "num_statements": 0, "percent_covered": 100.0, "percent_covered_display": "100", "missing_lines": 0, "excluded_lines": 0, "percent_statements_covered": 100.0, "percent_statements_covered_display": "100", "num_branches": 0, "num_partial_branches": 0, "covered_branches": 0, "missing_branches": 0, "percent_branches_covered": 100.0, "percent_branches_covered_display": "100"}, "missing_lines": [], "excluded_lines": [], "start_line": 109, "executed_branches": [], "missing_branches": []}, "HealthConnectGroupCounts": {"executed_lines": [], "summary": {"covered_lines": 0, "num_statements": 0, "percent_covered": 100.0, "percent_covered_display": "100", "missing_lines": 0, "excluded_lines": 0, "percent_statements_covered": 100.0, "percent_statements_covered_display": "100", "num_branches": 0, "num_partial_branches": 0, "covered_branches": 0, "missing_branches": 0, "percent_branches_covered": 100.0, "percent_branches_covered_display": "100"}, "missing_lines": [], "excluded_lines": [], "start_line": 120, "executed_branches": [], "missing_branches": []}, "HealthConnectSyncResponse": {"executed_lines": [], "summary": {"covered_lines": 0, "num_statements": 0, "percent_covered": 100.0, "percent_covered_display": "100", "missing_lines": 0, "excluded_lines": 0, "percent_statements_covered": 100.0, "percent_statements_covered_display": "100", "num_branches": 0, "num_partial_branches": 0, "covered_branches": 0, "missing_branches": 0, "percent_branches_covered": 100.0, "percent_branches_covered_display": "100"}, "missing_lines": [], "excluded_lines": [], "start_line": 129, "executed_branches": [], "missing_branches": []}, "": {"executed_lines": [10, 12, 13, 15, 17, 18, 21, 24, 27, 30, 31, 32, 33, 36, 44, 45, 46, 47, 48, 49, 50, 53, 56, 57, 58, 59, 60, 61, 62, 65, 68, 69, 70, 71, 72, 75, 78, 79, 82, 85, 86, 87, 88, 91, 101, 102, 103, 104, 105, 106, 109, 112, 113, 114, 115, 116, 117, 120, 123, 124, 125, 126, 129, 132, 133, 134, 137], "summary": {"covered_lines": 67, "num_statements": 67, "percent_covered": 100.0, "percent_covered_display": "100", "missing_lines": 0, "excluded_lines": 0, "percent_statements_covered": 100.0, "percent_statements_covered_display": "100", "num_branches": 0, "num_partial_branches": 0, "covered_branches": 0, "missing_branches": 0, "percent_branches_covered": 100.0, "percent_branches_covered_display": "100"}, "missing_lines": [], "excluded_lines": [], "start_line": 1, "executed_branches": [], "missing_branches": []}}}, "app/domains/health/service.py": {"executed_lines": [3, 5, 6, 7, 8, 9, 10, 11, 13, 14, 15, 17, 18, 19, 28, 29, 31, 34, 35, 36, 37, 38, 39, 41, 42, 50, 51, 54, 61, 62, 72, 73, 76, 82, 83, 84, 85, 86, 90, 93, 94, 97, 98, 101, 102, 105, 106, 111, 112, 117, 124, 125, 126, 127, 128, 131, 141, 142, 143, 144, 145, 146, 147, 149, 150, 151, 152, 155, 156, 157, 160, 181, 187, 188, 189, 196, 197, 199, 200, 205, 215, 216, 217, 220, 253, 286], "summary": {"covered_lines": 86, "num_statements": 122, "percent_covered": 66.90140845070422, "percent_covered_display": "67", "missing_lines": 36, "excluded_lines": 0, "percent_statements_covered": 70.49180327868852, "percent_statements_covered_display": "70", "num_branches": 20, "num_partial_branches": 3, "covered_branches": 9, "missing_branches": 11, "percent_branches_covered": 45.0, "percent_branches_covered_display": "45"}, "missing_lines": [87, 88, 89, 113, 114, 116, 154, 166, 167, 176, 177, 178, 226, 227, 228, 234, 235, 237, 238, 249, 250, 259, 260, 261, 267, 268, 270, 271, 282, 283, 293, 294, 303, 312, 321, 330], "excluded_lines": [], "executed_branches": [[83, 84], [83, 85], [86, 90], [111, 112], [141, -131], [141, 142], [151, 152], [196, 197], [196, 199]], "missing_branches": [[86, 87], [88, 89], [88, 90], [111, 113], [113, 114], [113, 116], [151, 154], [234, 235], [234, 237], [267, 268], [267, 270]], "functions": {"_MutableCounts.to_schema": {"executed_lines": [42], "summary": {"covered_lines": 1, "num_statements": 1, "percent_covered": 100.0, "percent_covered_display": "100", "missing_lines": 0, "excluded_lines": 0, "percent_statements_covered": 100.0, "percent_statements_covered_display": "100", "num_branches": 0, "num_partial_branches": 0, "covered_branches": 0, "missing_branches": 0, "percent_branches_covered": 100.0, "percent_branches_covered_display": "100"}, "missing_lines": [], "excluded_lines": [], "start_line": 41, "executed_branches": [], "missing_branches": []}, "_stable_json": {"executed_lines": [51], "summary": {"covered_lines": 1, "num_statements": 1, "percent_covered": 100.0, "percent_covered_display": "100", "missing_lines": 0, "excluded_lines": 0, "percent_statements_covered": 100.0, "percent_statements_covered_display": "100", "num_branches": 0, "num_partial_branches": 0, "covered_branches": 0, "missing_branches": 0, "percent_branches_covered": 100.0, "percent_branches_covered_display": "100"}, "missing_lines": [], "excluded_lines": [], "start_line": 50, "executed_branches": [], "missing_branches": []}, "build_fallback_external_id": {"executed_lines": [61, 62, 72, 73], "summary": {"covered_lines": 4, "num_statements": 4, "percent_covered": 100.0, "percent_covered_display": "100", "missing_lines": 0, "excluded_lines": 0, "percent_statements_covered": 100.0, "percent_statements_covered_display": "100", "num_branches": 0, "num_partial_branches": 0, "covered_branches": 0, "missing_branches": 0, "percent_branches_covered": 100.0, "percent_branches_covered_display": "100"}, "missing_lines": [], "excluded_lines": [], "start_line": 54, "executed_branches": [], "missing_branches": []}, "_external_id": {"executed_lines": [82, 83, 84, 85, 86, 90], "summary": {"covered_lines": 6, "num_statements": 9, "percent_covered": 60.0, "percent_covered_display": "60", "missing_lines": 3, "excluded_lines": 0, "percent_statements_covered": 66.66666666666667, "percent_statements_covered_display": "67", "num_branches": 6, "num_partial_branches": 1, "covered_branches": 3, "missing_branches": 3, "percent_branches_covered": 50.0, "percent_branches_covered_display": "50"}, "missing_lines": [87, 88, 89], "excluded_lines": [], "start_line": 76, "executed_branches": [[83, 84], [83, 85], [86, 90]], "missing_branches": [[86, 87], [88, 89], [88, 90]]}, "_record_unit": {"executed_lines": [97, 98], "summary": {"covered_lines": 2, "num_statements": 2, "percent_covered": 100.0, "percent_covered_display": "100", "missing_lines": 0, "excluded_lines": 0, "percent_statements_covered": 100.0, "percent_statements_covered_display": "100", "num_branches": 0, "num_partial_branches": 0, "covered_branches": 0, "missing_branches": 0, "percent_branches_covered": 100.0, "percent_branches_covered_display": "100"}, "missing_lines": [], "excluded_lines": [], "start_line": 94, "executed_branches": [], "missing_branches": []}, "_empty_counts": {"executed_lines": [102], "summary": {"covered_lines": 1, "num_statements": 1, "percent_covered": 100.0, "percent_covered_display": "100", "missing_lines": 0, "excluded_lines": 0, "percent_statements_covered": 100.0, "percent_statements_covered_display": "100", "num_branches": 0, "num_partial_branches": 0, "covered_branches": 0, "missing_branches": 0, "percent_branches_covered": 100.0, "percent_branches_covered_display": "100"}, "missing_lines": [], "excluded_lines": [], "start_line": 101, "executed_branches": [], "missing_branches": []}, "_response": {"executed_lines": [106, 111, 112, 117], "summary": {"covered_lines": 4, "num_statements": 7, "percent_covered": 45.45454545454545, "percent_covered_display": "45", "missing_lines": 3, "excluded_lines": 0, "percent_statements_covered": 57.142857142857146, "percent_statements_covered_display": "57", "num_branches": 4, "num_partial_branches": 1, "covered_branches": 1, "missing_branches": 3, "percent_branches_covered": 25.0, "percent_branches_covered_display": "25"}, "missing_lines": [113, 114, 116], "excluded_lines": [], "start_line": 105, "executed_branches": [[111, 112]], "missing_branches": [[111, 113], [113, 114], [113, 116]]}, "_validation_error": {"executed_lines": [125, 126, 127, 128], "summary": {"covered_lines": 4, "num_statements": 4, "percent_covered": 100.0, "percent_covered_display": "100", "missing_lines": 0, "excluded_lines": 0, "percent_statements_covered": 100.0, "percent_statements_covered_display": "100", "num_branches": 0, "num_partial_branches": 0, "covered_branches": 0, "missing_branches": 0, "percent_branches_covered": 100.0, "percent_branches_covered_display": "100"}, "missing_lines": [], "excluded_lines": [], "start_line": 124, "executed_branches": [], "missing_branches": []}, "_process_group": {"executed_lines": [141, 142, 143, 144, 145, 146, 147, 149, 150, 151, 152, 155, 156, 157], "summary": {"covered_lines": 14, "num_statements": 15, "percent_covered": 89.47368421052632, "percent_covered_display": "89", "missing_lines": 1, "excluded_lines": 0, "percent_statements_covered": 93.33333333333333, "percent_statements_covered_display": "93", "num_branches": 4, "num_partial_branches": 1, "covered_branches": 3, "missing_branches": 1, "percent_branches_covered": 75.0, "percent_branches_covered_display": "75"}, "missing_lines": [154], "excluded_lines": [], "start_line": 131, "executed_branches": [[141, -131], [141, 142], [151, 152]], "missing_branches": [[151, 154]]}, "_sync_running": {"executed_lines": [], "summary": {"covered_lines": 0, "num_statements": 5, "percent_covered": 0.0, "percent_covered_display": "0", "missing_lines": 5, "excluded_lines": 0, "percent_statements_covered": 0.0, "percent_statements_covered_display": "0", "num_branches": 0, "num_partial_branches": 0, "covered_branches": 0, "missing_branches": 0, "percent_branches_covered": 100.0, "percent_branches_covered_display": "100"}, "missing_lines": [166, 167, 176, 177, 178], "excluded_lines": [], "start_line": 160, "executed_branches": [], "missing_branches": []}, "_sync_nutrition": {"executed_lines": [187, 188, 189, 196, 197, 199, 200, 205, 215, 216, 217], "summary": {"covered_lines": 11, "num_statements": 11, "percent_covered": 100.0, "percent_covered_display": "100", "missing_lines": 0, "excluded_lines": 0, "percent_statements_covered": 100.0, "percent_statements_covered_display": "100", "num_branches": 2, "num_partial_branches": 0, "covered_branches": 2, "missing_branches": 0, "percent_br
[...]
ches": []}}}, "app/infrastructure/adapters/samsung_health.py": {"executed_lines": [], "summary": {"covered_lines": 0, "num_statements": 13, "percent_covered": 0.0, "percent_covered_display": "0", "missing_lines": 13, "excluded_lines": 0, "percent_statements_covered": 0.0, "percent_statements_covered_display": "0", "num_branches": 0, "num_partial_branches": 0, "covered_branches": 0, "missing_branches": 0, "percent_branches_covered": 100.0, "percent_branches_covered_display": "100"}, "missing_lines": [6, 8, 10, 13, 21, 28, 30, 37, 44, 46, 48, 55, 57], "excluded_lines": [], "executed_branches": [], "missing_branches": [], "functions": {"SamsungHealthAdapter.get_health_data": {"executed_lines": [], "summary": {"covered_lines": 0, "num_statements": 2, "percent_covered": 0.0, "percent_covered_display": "0", "missing_lines": 2, "excluded_lines": 0, "percent_statements_covered": 0.0, "percent_statements_covered_display": "0", "num_branches": 0, "num_partial_branches": 0, "covered_branches": 0, "missing_branches": 0, "percent_branches_covered": 100.0, "percent_branches_covered_display": "100"}, "missing_lines": [28, 30], "excluded_lines": [], "start_line": 21, "executed_branches": [], "missing_branches": []}, "SamsungHealthAdapter.get_diet_records": {"executed_lines": [], "summary": {"covered_lines": 0, "num_statements": 2, "percent_covered": 0.0, "percent_covered_display": "0", "missing_lines": 2, "excluded_lines": 0, "percent_statements_covered": 0.0, "percent_statements_covered_display": "0", "num_branches": 0, "num_partial_branches": 0, "covered_branches": 0, "missing_branches": 0, "percent_branches_covered": 100.0, "percent_branches_covered_display": "100"}, "missing_lines": [44, 46], "excluded_lines": [], "start_line": 37, "executed_branches": [], "missing_branches": []}, "SamsungHealthAdapter.get_running_records": {"executed_lines": [], "summary": {"covered_lines": 0, "num_statements": 2, "percent_covered": 0.0, "percent_covered_display": "0", "missing_lines": 2, "excluded_lines": 0, "percent_statements_covered": 0.0, "percent_statements_covered_display": "0", "num_branches": 0, "num_partial_branches": 0, "covered_branches": 0, "missing_branches": 0, "percent_branches_covered": 100.0, "percent_branches_covered_display": "100"}, "missing_lines": [55, 57], "excluded_lines": [], "start_line": 48, "executed_branches": [], "missing_branches": []}, "": {"executed_lines": [], "summary": {"covered_lines": 0, "num_statements": 7, "percent_covered": 0.0, "percent_covered_display": "0", "missing_lines": 7, "excluded_lines": 0, "percent_statements_covered": 0.0, "percent_statements_covered_display": "0", "num_branches": 0, "num_partial_branches": 0, "covered_branches": 0, "missing_branches": 0, "percent_branches_covered": 100.0, "percent_branches_covered_display": "100"}, "missing_lines": [6, 8, 10, 13, 21, 37, 48], "excluded_lines": [], "start_line": 1, "executed_branches": [], "missing_branches": []}}, "classes": {"SamsungHealthAdapter": {"executed_lines": [], "summary": {"covered_lines": 0, "num_statements": 6, "percent_covered": 0.0, "percent_covered_display": "0", "missing_lines": 6, "excluded_lines": 0, "percent_statements_covered": 0.0, "percent_statements_covered_display": "0", "num_branches": 0, "num_partial_branches": 0, "covered_branches": 0, "missing_branches": 0, "percent_branches_covered": 100.0, "percent_branches_covered_display": "100"}, "missing_lines": [28, 30, 44, 46, 55, 57], "excluded_lines": [], "start_line": 13, "executed_branches": [], "missing_branches": []}, "": {"executed_lines": [], "summary": {"covered_lines": 0, "num_statements": 7, "percent_covered": 0.0, "percent_covered_display": "0", "missing_lines": 7, "excluded_lines": 0, "percent_statements_covered": 0.0, "percent_statements_covered_display": "0", "num_branches": 0, "num_partial_branches": 0, "covered_branches": 0, "missing_branches": 0, "percent_branches_covered": 100.0, "percent_branches_covered_display": "100"}, "missing_lines": [6, 8, 10, 13, 21, 37, 48], "excluded_lines": [], "start_line": 1, "executed_branches": [], "missing_branches": []}}}, "app/infrastructure/crawlers/__init__.py": {"executed_lines": [], "summary": {"covered_lines": 0, "num_statements": 0, "percent_covered": 100.0, "percent_covered_display": "100", "missing_lines": 0, "excluded_lines": 0, "percent_statements_covered": 100.0, "percent_statements_covered_display": "100", "num_branches": 0, "num_partial_branches": 0, "covered_branches": 0, "missing_branches": 0, "percent_branches_covered": 100.0, "percent_branches_covered_display": "100"}, "missing_lines": [], "excluded_lines": [], "executed_branches": [], "missing_branches": [], "functions": {"": {"executed_lines": [], "summary": {"covered_lines": 0, "num_statements": 0, "percent_covered": 100.0, "percent_covered_display": "100", "missing_lines": 0, "excluded_lines": 0, "percent_statements_covered": 100.0, "percent_statements_covered_display": "100", "num_branches": 0, "num_partial_branches": 0, "covered_branches": 0, "missing_branches": 0, "percent_branches_covered": 100.0, "percent_branches_covered_display": "100"}, "missing_lines": [], "excluded_lines": [], "start_line": 1, "executed_branches": [], "missing_branches": []}}, "classes": {"": {"executed_lines": [], "summary": {"covered_lines": 0, "num_statements": 0, "percent_covered": 100.0, "percent_covered_display": "100", "missing_lines": 0, "excluded_lines": 0, "percent_statements_covered": 100.0, "percent_statements_covered_display": "100", "num_branches": 0, "num_partial_branches": 0, "covered_branches": 0, "missing_branches": 0, "percent_branches_covered": 100.0, "percent_branches_covered_display": "100"}, "missing_lines": [], "excluded_lines": [], "start_line": 1, "executed_branches": [], "missing_branches": []}}}, "app/infrastructure/crawlers/sns_crawler.py": {"executed_lines": [7, 8, 9, 11, 13, 16, 19, 31, 39, 41, 42, 44, 79, 93, 104, 118], "summary": {"covered_lines": 16, "num_statements": 33, "percent_covered": 43.24324324324324, "percent_covered_display": "43", "missing_lines": 17, "excluded_lines": 0, "percent_statements_covered": 48.484848484848484, "percent_statements_covered_display": "48", "num_branches": 4, "num_partial_branches": 0, "covered_branches": 0, "missing_branches": 4, "percent_branches_covered": 0.0, "percent_branches_covered_display": "0"}, "missing_lines": [55, 66, 86, 95, 96, 97, 98, 99, 101, 102, 110, 111, 114, 115, 116, 120, 121], "excluded_lines": [], "executed_branches": [], "missing_branches": [[96, -93], [96, 97], [114, -104], [114, 115]], "functions": {"SNSCrawlerService.__init__": {"executed_lines": [41, 42], "summary": {"covered_lines": 2, "num_statements": 2, "percent_covered": 100.0, "percent_covered_display": "100", "missing_lines": 0, "excluded_lines": 0, "percent_statements_covered": 100.0, "percent_statements_covered_display": "100", "num_branches": 0, "num_partial_branches": 0, "covered_branches": 0, "missing_branches": 0, "percent_branches_covered": 100.0, "percent_branches_covered_display": "100"}, "missing_lines": [], "excluded_lines": [], "start_line": 39, "executed_branches": [], "missing_branches": []}, "SNSCrawlerService.collect_hashtag_posts": {"executed_lines": [], "summary": {"covered_lines": 0, "num_statements": 2, "percent_covered": 0.0, "percent_covered_display": "0", "missing_lines": 2, "excluded_lines": 0, "percent_statements_covered": 0.0, "percent_statements_covered_display": "0", "num_branches": 0, "num_partial_branches": 0, "covered_branches": 0, "missing_branches": 0, "percent_branches_covered": 100.0, "percent_branches_covered_display": "100"}, "missing_lines": [55, 66], "excluded_lines": [], "start_line": 44, "executed_branches": [], "missing_branches": []}, "SNSCrawlerService.sync_sns_stories": {"executed_lines": [], "summary": {"covered_lines": 0, "num_statements": 1, "percent_covered": 0.0, "percent_covered_display": "0", "missing_lines": 1, "excluded_lines": 0, "percent_statements_covered": 0.0, "percent_statements_covered_display": "0", "num_branches": 0, "num_partial_branches": 0, "covered_branches": 0, "missing_branches": 0, "percent_branches_covered": 100.0, "percent_branches_covered_display": "100"}, "missing_lines": [86], "excluded_lines": [], "start_line": 79, "executed_branches": [], "missing_branches": []}, "SNSCrawlerService._crawl_once": {"executed_lines": [], "summary": {"covered_lines": 0, "num_statements": 7, "percent_covered": 0.0, "percent_covered_display": "0", "missing_lines": 7, "excluded_lines": 0, "percent_statements_covered": 0.0, "percent_statements_covered_display": "0", "num_branches": 2, "num_partial_branches": 0, "covered_branches": 0, "missing_branches": 2, "percent_branches_covered": 0.0, "percent_branches_covered_display": "0"}, "missing_lines": [95, 96, 97, 98, 99, 101, 102], "excluded_lines": [], "start_line": 93, "executed_branches": [], "missing_branches": [[96, -93], [96, 97]]}, "SNSCrawlerService.start_periodic_crawling": {"executed_lines": [], "summary": {"covered_lines": 0, "num_statements": 5, "percent_covered": 0.0, "percent_covered_display": "0", "missing_lines": 5, "excluded_lines": 0, "percent_statements_covered": 0.0, "percent_statements_covered_display": "0", "num_branches": 2, "num_partial_branches": 0, "covered_branches": 0, "missing_branches": 2, "percent_branches_covered": 0.0, "percent_branches_covered_display": "0"}, "missing_lines": [110, 111, 114, 115, 116], "excluded_lines": [], "start_line": 104, "executed_branches": [], "missing_branches": [[114, -104], [114, 115]]}, "SNSCrawlerService.stop": {"executed_lines": [], "summary": {"covered_lines": 0, "num_statements": 2, "percent_covered": 0.0, "percent_covered_display": "0", "missing_lines": 2, "excluded_lines": 0, "percent_statements_covered": 0.0, "percent_statements_covered_display": "0", "num_branches": 0, "num_partial_branches": 0, "covered_branches": 0, "missing_branches": 0, "percent_branches_covered": 100.0, "percent_branches_covered_display": "100"}, "missing_lines": [120, 121], "excluded_lines": [], "start_line": 118, "executed_branches": [], "missing_branches": []}, "": {"executed_lines": [7, 8, 9, 11, 13, 16, 19, 31, 39, 44, 79, 93, 104, 118], "summary": {"covered_lines": 14, "num_statements": 14, "percent_covered": 100.0, "percent_covered_display": "100", "missing_lines": 0, "excluded_lines": 0, "percent_statements_covered": 100.0, "percent_statements_covered_display": "100", "num_branches": 0, "num_partial_branches": 0, "covered_branches": 0, "missing_branches": 0, "percent_branches_covered": 100.0, "percent_branches_covered_display": "100"}, "missing_lines": [], "excluded_lines": [], "start_line": 1, "executed_branches": [], "missing_branches": []}}, "classes": {"SNSCrawlerService": {"executed_lines": [41, 42], "summary": {"covered_lines": 2, "num_statements": 19, "percent_covered": 8.695652173913043, "percent_covered_display": "9", "missing_lines": 17, "excluded_lines": 0, "percent_statements_covered": 10.526315789473685, "percent_statements_covered_display": "11", "num_branches": 4, "num_partial_branches": 0, "covered_branches": 0, "missing_branches": 4, "percent_branches_covered": 0.0, "percent_branches_covered_display": "0"}, "missing_lines": [55, 66, 86, 95, 96, 97, 98, 99, 101, 102, 110, 111, 114, 115, 116, 120, 121], "excluded_lines": [], "start_line": 31, "executed_branches": [], "missing_branches": [[96, -93], [96, 97], [114, -104], [114, 115]]}, "": {"executed_lines": [7, 8, 9, 11, 13, 16, 19, 31, 39, 44, 79, 93, 104, 118], "summary": {"covered_lines": 14, "num_statements": 14, "percent_covered": 100.0, "percent_covered_display": "100", "missing_lines": 0, "excluded_lines": 0, "percent_statements_covered": 100.0, "percent_statements_covered_display": "100", "num_branches": 0, "num_partial_branches": 0, "covered_branches": 0, "missing_branches": 0, "percent_branches_covered": 100.0, "percent_branches_covered_display": "100"}, "missing_lines": [], "excluded_lines": [], "start_line": 1, "executed_branches": [], "missing_branches": []}}}, "app/main.py": {"executed_lines": [6, 7, 8, 9, 10, 12, 13, 14, 16, 17, 18, 19, 20, 21, 22, 23, 25, 27, 28, 31, 32, 63, 70, 83, 92, 93, 94, 101, 102, 103, 104, 105, 106, 107, 110, 111, 115, 118, 121], "summary": {"covered_lines": 39, "num_statements": 57, "percent_covered": 65.57377049180327, "percent_covered_display": "66", "missing_lines": 18, "excluded_lines": 0, "percent_statements_covered": 68.42105263157895, "percent_statements_covered_display": "68", "num_branches": 4, "num_partial_branches": 1, "covered_branches": 1, "missing_branches": 3, "percent_branches_covered": 25.0, "percent_branches_covered_display": "25"}, "missing_lines": [42, 43, 44, 46, 47, 49, 52, 53, 54, 55, 56, 57, 58, 59, 60, 113, 122, 124], "excluded_lines": [], "executed_branches": [[121, -1]], "missing_branches": [[54, 55], [54, 60], [121, 122]], "functions": {"lifespan": {"executed_lines": [], "summary": {"covered_lines": 0, "num_statements": 15, "percent_covered": 0.0, "percent_covered_display": "0", "missing_lines": 15, "excluded_lines": 0, "percent_statements_covered": 0.0, "percent_statements_covered_display": "0", "num_branches": 2, "num_partial_branches": 0, "covered_branches": 0, "missing_branches": 2, "percent_branches_covered": 0.0, "percent_branches_covered_display": "0"}, "missing_lines": [42, 43, 44, 46, 47, 49, 52, 53, 54, 55, 56, 57, 58, 59, 60], "excluded_lines": [], "start_line": 32, "executed_branches": [], "missing_branches": [[54, 55], [54, 60]]}, "create_app": {"executed_lines": [70, 83, 92, 93, 94, 101, 102, 103, 104, 105, 106, 107, 110, 111, 115], "summary": {"covered_lines": 15, "num_statements": 15, "percent_covered": 100.0, "percent_covered_display": "100", "missing_lines": 0, "excluded_lines": 0, "percent_statements_covered": 100.0, "percent_statements_covered_display": "100", "num_branches": 0, "num_partial_branches": 0, "covered_branches": 0, "missing_branches": 0, "percent_branches_covered": 100.0, "percent_branches_covered_display": "100"}, "missing_lines": [], "excluded_lines": [], "start_line": 63, "executed_branches": [], "missing_branches": []}, "create_app.health_check": {"executed_lines": [], "summary": {"covered_lines": 0, "num_statements": 1, "percent_covered": 0.0, "percent_covered_display": "0", "missing_lines": 1, "excluded_lines": 0, "percent_statements_covered": 0.0, "percent_statements_covered_display": "0", "num_branches": 0, "num_partial_branches": 0, "covered_branches": 0, "missing_branches": 0, "percent_branches_covered": 100.0, "percent_branches_covered_display": "100"}, "missing_lines": [113], "excluded_lines": [], "start_line": 111, "executed_branches": [], "missing_branches": []}, "": {"executed_lines": [6, 7, 8, 9, 10, 12, 13, 14, 16, 17, 18, 19, 20, 21, 22, 23, 25, 27, 28, 31, 32, 63, 118, 121], "summary": {"covered_lines": 24, "num_statements": 26, "percent_covered": 89.28571428571429, "percent_covered_display": "89", "missing_lines": 2, "excluded_lines": 0, "percent_statements_covered": 92.3076923076923, "percent_statements_covered_display": "92", "num_branches": 2, "num_partial_branches": 1, "covered_branches": 1, "missing_branches": 1, "percent_branches_covered": 50.0, "percent_branches_covered_display": "50"}, "missing_lines": [122, 124], "excluded_lines": [], "start_line": 1, "executed_branches": [[121, -1]], "missing_branches": [[121, 122]]}}, "classes": {"": {"executed_lines": [6, 7, 8, 9, 10, 12, 13, 14, 16, 17, 18, 19, 20, 21, 22, 23, 25, 27, 28, 31, 32, 63, 70, 83, 92, 93, 94, 101, 102, 103, 104, 105, 106, 107, 110, 111, 115, 118, 121], "summary": {"covered_lines": 39, "num_statements": 57, "percent_covered": 65.57377049180327, "percent_covered_display": "66", "missing_lines": 18, "excluded_lines": 0, "percent_statements_covered": 68.42105263157895, "percent_statements_covered_display": "68", "num_branches": 4, "num_partial_branches": 1, "covered_branches": 1, "missing_branches": 3, "percent_branches_covered": 25.0, "percent_branches_covered_display": "25"}, "missing_lines": [42, 43, 44, 46, 47, 49, 52, 53, 54, 55, 56, 57, 58, 59, 60, 113, 122, 124], "excluded_lines": [], "start_line": 1, "executed_branches": [[121, -1]], "missing_branches": [[54, 55], [54, 60], [121, 122]]}}}, "app/seed.py": {"executed_lines": [], "summary": {"covered_lines": 0, "num_statements": 39, "percent_covered": 0.0, "percent_covered_display": "0", "missing_lines": 39, "excluded_lines": 0, "percent_statements_covered": 0.0, "percent_statements_covered_display": "0", "num_branches": 6, "num_partial_branches": 0, "covered_branches": 0, "missing_branches": 6, "percent_branches_covered": 0.0, "percent_branches_covered_display": "0"}, "missing_lines": [10, 11, 12, 14, 15, 17, 18, 19, 20, 22, 23, 25, 26, 28, 48, 49, 50, 51, 52, 53, 55, 60, 61, 63, 69, 70, 72, 81, 82, 83, 84, 85, 86, 87, 88, 89, 90, 93, 94], "excluded_lines": [], "executed_branches": [], "missing_branches": [[49, -48], [49, 50], [51, 52], [51, 55], [93, -1], [93, 94]], "functions": {"_seed": {"executed_lines": [], "summary": {"covered_lines": 0, "num_statements": 12, "percent_covered": 0.0, "percent_covered_display": "0", "missing_lines": 12, "excluded_lines": 0, "percent_statements_covered": 0.0, "percent_statements_covered_display": "0", "num_branches": 4, "num_partial_branches": 0, "covered_branches": 0, "missing_branches": 4, "percent_branches_covered": 0.0, "percent_branches_covered_display": "0"}, "missing_lines": [49, 50, 51, 52, 53, 55, 60, 61, 63, 69, 70, 72], "excluded_lines": [], "start_line": 48, "executed_branches": [], "missing_branches": [[49, -48], [49, 50], [51, 52], [51, 55]]}, "main": {"executed_lines": [], "summary": {"covered_lines": 0, "num_statements": 9, "percent_covered": 0.0, "percent_covered_display": "0", "missing_lines": 9, "excluded_lines": 0, "percent_statements_covered": 0.0, "percent_statements_covered_display": "0", "num_branches": 0, "num_partial_branches": 0, "covered_branches": 0, "missing_branches": 0, "percent_branches_covered": 100.0, "percent_branches_covered_display": "100"}, "missing_lines": [82, 83, 84, 85, 86, 87, 88, 89, 90], "excluded_lines": [], "start_line": 81, "executed_branches": [], "missing_branches": []}, "": {"executed_lines": [], "summary": {"covered_lines": 0, "num_statements": 18, "percent_covered": 0.0, "percent_covered_display": "0", "missing_lines": 18, "excluded_lines": 0, "percent_statements_covered": 0.0, "percent_statements_covered_display": "0", "num_branches": 2, "num_partial_branches": 0, "covered_branches": 0, "missing_branches": 2, "percent_branches_covered": 0.0, "percent_branches_covered_display": "0"}, "missing_lines": [10, 11, 12, 14, 15, 17, 18, 19, 20, 22, 23, 25, 26, 28, 48, 81, 93, 94], "excluded_lines": [], "start_line": 1, "executed_branches": [], "missing_branches": [[93, -1], [93, 94]]}}, "classes": {"": {"executed_lines": [], "summary": {"covered_lines": 0, "num_statements": 39, "percent_covered": 0.0, "percent_covered_display": "0", "missing_lines": 39, "excluded_lines": 0, "percent_statements_covered": 0.0, "percent_statements_covered_display": "0", "num_branches": 6, "num_partial_branches": 0, "covered_branches": 0, "missing_branches": 6, "percent_branches_covered": 0.0, "percent_branches_covered_display": "0"}, "missing_lines": [10, 11, 12, 14, 15, 17, 18, 19, 20, 22, 23, 25, 26, 28, 48, 49, 50, 51, 52, 53, 55, 60, 61, 63, 69, 70, 72, 81, 82, 83, 84, 85, 86, 87, 88, 89, 90, 93, 94], "excluded_lines": [], "start_line": 1, "executed_branches": [], "missing_branches": [[49, -48], [49, 50], [51, 52], [51, 55], [93, -1], [93, 94]]}}}}, "totals": {"covered_lines": 1556, "num_statements": 1872, "percent_covered": 82.14953271028037, "percent_covered_display": "82", "missing_lines": 316, "excluded_lines": 11, "percent_statements_covered": 83.11965811965813, "percent_statements_covered_display": "83", "num_branches": 268, "num_partial_branches": 26, "covered_branches": 202, "missing_branches": 66, "percent_branches_covered": 75.3731343283582, "percent_branches_covered_display": "75"}}